[ 2016-05-01T21:10:28+08:00 ] ::1 /505/
INFO: [ app_init ] --START--
INFO: Run Behavior\BuildLiteBehavior [ RunTime:0.000009s ]
INFO: [ app_init ] --END-- [ RunTime:0.000409s ]
INFO: [ app_begin ] --START--
INFO: Run Behavior\ReadHtmlCacheBehavior [ RunTime:0.000461s ]
INFO: [ app_begin ] --END-- [ RunTime:0.000490s ]

[ 2016-05-01T21:11:45+08:00 ] ::1 /505/
INFO: [ app_init ] --START--
INFO: Run Behavior\BuildLiteBehavior [ RunTime:0.000009s ]
INFO: [ app_init ] --END-- [ RunTime:0.000418s ]
INFO: [ app_begin ] --START--
INFO: Run Behavior\ReadHtmlCacheBehavior [ RunTime:0.000574s ]
INFO: [ app_begin ] --END-- [ RunTime:0.000607s ]

[ 2016-05-01T21:12:09+08:00 ] ::1 /505/
INFO: [ app_init ] --START--
INFO: Run Behavior\BuildLiteBehavior [ RunTime:0.000010s ]
INFO: [ app_init ] --END-- [ RunTime:0.000477s ]
INFO: [ app_begin ] --START--
INFO: Run Behavior\ReadHtmlCacheBehavior [ RunTime:0.000633s ]
INFO: [ app_begin ] --END-- [ RunTime:0.000673s ]

[ 2016-05-01T21:12:30+08:00 ] ::1 /505/
INFO: [ app_init ] --START--
INFO: Run Behavior\BuildLiteBehavior [ RunTime:0.000009s ]
INFO: [ app_init ] --END-- [ RunTime:0.000418s ]
INFO: [ app_begin ] --START--
INFO: Run Behavior\ReadHtmlCacheBehavior [ RunTime:0.000570s ]
INFO: [ app_begin ] --END-- [ RunTime:0.000604s ]

[ 2016-05-01T21:12:47+08:00 ] ::1 /505/
INFO: [ app_init ] --START--
INFO: Run Behavior\BuildLiteBehavior [ RunTime:0.000011s ]
INFO: [ app_init ] --END-- [ RunTime:0.000623s ]
INFO: [ app_begin ] --START--
INFO: Run Behavior\ReadHtmlCacheBehavior [ RunTime:0.000813s ]
INFO: [ app_begin ] --END-- [ RunTime:0.000849s ]

[ 2016-05-01T21:13:19+08:00 ] ::1 /505/index.php/home/index/login.html
INFO: [ app_init ] --START--
INFO: Run Behavior\BuildLiteBehavior [ RunTime:0.000012s ]
INFO: [ app_init ] --END-- [ RunTime:0.000504s ]
INFO: [ app_begin ] --START--
INFO: Run Behavior\ReadHtmlCacheBehavior [ RunTime:0.000637s ]
INFO: [ app_begin ] --END-- [ RunTime:0.000675s ]
INFO: [ view_parse ] --START--
INFO: [ template_filter ] --START--
INFO: Run Behavior\ContentReplaceBehavior [ RunTime:0.000044s ]
INFO: [ template_filter ] --END-- [ RunTime:0.000123s ]
INFO: Run Behavior\ParseTemplateBehavior [ RunTime:0.005813s ]
INFO: [ view_parse ] --END-- [ RunTime:0.005868s ]
INFO: [ view_filter ] --START--
INFO: Run Behavior\WriteHtmlCacheBehavior [ RunTime:0.000463s ]
INFO: [ view_filter ] --END-- [ RunTime:0.000492s ]
INFO: [ app_end ] --START--
INFO: Run Behavior\ShowPageTraceBehavior [ RunTime:0.000801s ]
INFO: [ app_end ] --END-- [ RunTime:0.000850s ]

[ 2016-05-01T21:13:57+08:00 ] ::1 /505/index.php/home/index/goodsajax.html
INFO: [ app_init ] --START--
INFO: Run Behavior\BuildLiteBehavior [ RunTime:0.000018s ]
INFO: [ app_init ] --END-- [ RunTime:0.000542s ]
INFO: [ app_begin ] --START--
INFO: Run Behavior\ReadHtmlCacheBehavior [ RunTime:0.000538s ]
INFO: [ app_begin ] --END-- [ RunTime:0.000566s ]
SQL: SHOW COLUMNS FROM `goods` [ RunTime:0.0039s ]
SQL: SHOW COLUMNS FROM `goodstype` [ RunTime:0.0037s ]
SQL: SHOW COLUMNS FROM `goodsclassify` [ RunTime:0.0037s ]
SQL: SELECT goods.id AS id,goods.classifyid AS classifyid,goods.name AS name,goods.image AS image,goods.price AS price,goods.addtime AS addtime,goods.detail AS detail,goodstype.id AS type_id,goodstype.color AS color,goodstype.size AS size,goodstype.goodsleft AS goodsleft,goodsclassify.classifyname AS classifyname FROM goods goods  JOIN goodstype goodstype ON goods.id=goodstype.goodsid  JOIN goodsclassify goodsclassify ON goods.classifyid=goodsclassify.id WHERE ( name="" and color="" and size="" )  [ RunTime:0.0035s ]
NOTIC: [8] Undefined index: goodsleft F:\php\httpd-2.4.20-win64-VC14\Apache24\htdocs\505\App\Home\Controller\IndexController.class.php 第 111 行.

[ 2016-05-01T21:13:59+08:00 ] ::1 /505/index.php/home/index/goodsajax.html
INFO: [ app_init ] --START--
INFO: Run Behavior\BuildLiteBehavior [ RunTime:0.000012s ]
INFO: [ app_init ] --END-- [ RunTime:0.000614s ]
INFO: [ app_begin ] --START--
INFO: Run Behavior\ReadHtmlCacheBehavior [ RunTime:0.000903s ]
INFO: [ app_begin ] --END-- [ RunTime:0.000952s ]
SQL: SHOW COLUMNS FROM `goods` [ RunTime:0.0048s ]
SQL: SHOW COLUMNS FROM `goodstype` [ RunTime:0.0040s ]
SQL: SHOW COLUMNS FROM `goodsclassify` [ RunTime:0.0038s ]
SQL: SELECT goods.id AS id,goods.classifyid AS classifyid,goods.name AS name,goods.image AS image,goods.price AS price,goods.addtime AS addtime,goods.detail AS detail,goodstype.id AS type_id,goodstype.color AS color,goodstype.size AS size,goodstype.goodsleft AS goodsleft,goodsclassify.classifyname AS classifyname FROM goods goods  JOIN goodstype goodstype ON goods.id=goodstype.goodsid  JOIN goodsclassify goodsclassify ON goods.classifyid=goodsclassify.id WHERE ( name="" and color="" and size="" )  [ RunTime:0.0039s ]
NOTIC: [8] Undefined index: goodsleft F:\php\httpd-2.4.20-win64-VC14\Apache24\htdocs\505\App\Home\Controller\IndexController.class.php 第 111 行.

[ 2016-05-01T21:15:47+08:00 ] ::1 /505/index.php/home/index/goodsajax.html
INFO: [ app_init ] --START--
INFO: Run Behavior\BuildLiteBehavior [ RunTime:0.000013s ]
INFO: [ app_init ] --END-- [ RunTime:0.000429s ]
INFO: [ app_begin ] --START--
INFO: Run Behavior\ReadHtmlCacheBehavior [ RunTime:0.000639s ]
INFO: [ app_begin ] --END-- [ RunTime:0.000673s ]
SQL: SHOW COLUMNS FROM `goods` [ RunTime:0.0035s ]
SQL: SHOW COLUMNS FROM `goodstype` [ RunTime:0.0033s ]
SQL: SHOW COLUMNS FROM `goodsclassify` [ RunTime:0.0073s ]
SQL: SELECT goods.id AS id,goods.classifyid AS classifyid,goods.name AS name,goods.image AS image,goods.price AS price,goods.addtime AS addtime,goods.detail AS detail,goodstype.id AS type_id,goodstype.color AS color,goodstype.size AS size,goodstype.goodsleft AS goodsleft,goodsclassify.classifyname AS classifyname FROM goods goods  JOIN goodstype goodstype ON goods.id=goodstype.goodsid  JOIN goodsclassify goodsclassify ON goods.classifyid=goodsclassify.id WHERE ( name="" and color="" and size="" )  [ RunTime:0.0099s ]
NOTIC: [8] Undefined index: goodsleft F:\php\httpd-2.4.20-win64-VC14\Apache24\htdocs\505\App\Home\Controller\IndexController.class.php 第 111 行.

[ 2016-05-01T21:16:13+08:00 ] ::1 /505/index.php/home/index/goodsajax.html
INFO: [ app_init ] --START--
INFO: Run Behavior\BuildLiteBehavior [ RunTime:0.000017s ]
INFO: [ app_init ] --END-- [ RunTime:0.000575s ]
INFO: [ app_begin ] --START--
INFO: Run Behavior\ReadHtmlCacheBehavior [ RunTime:0.000623s ]
INFO: [ app_begin ] --END-- [ RunTime:0.000658s ]
SQL: SHOW COLUMNS FROM `goods` [ RunTime:0.0042s ]
SQL: SHOW COLUMNS FROM `goodstype` [ RunTime:0.0034s ]
SQL: SHOW COLUMNS FROM `goodsclassify` [ RunTime:0.0031s ]
SQL: SELECT goods.id AS id,goods.classifyid AS classifyid,goods.name AS name,goods.image AS image,goods.price AS price,goods.addtime AS addtime,goods.detail AS detail,goodstype.id AS type_id,goodstype.color AS color,goodstype.size AS size,goodstype.goodsleft AS goodsleft,goodsclassify.classifyname AS classifyname FROM goods goods  JOIN goodstype goodstype ON goods.id=goodstype.goodsid  JOIN goodsclassify goodsclassify ON goods.classifyid=goodsclassify.id WHERE ( name="" and color="" and size="" )  [ RunTime:0.0065s ]
NOTIC: [8] Undefined index: goodsleft F:\php\httpd-2.4.20-win64-VC14\Apache24\htdocs\505\App\Home\Controller\IndexController.class.php 第 111 行.

[ 2016-05-01T21:19:02+08:00 ] 192.168.1.107 /505/index.php/home/index/goodsajax.html
INFO: [ app_init ] --START--
INFO: Run Behavior\BuildLiteBehavior [ RunTime:0.000008s ]
INFO: [ app_init ] --END-- [ RunTime:0.000386s ]
INFO: [ app_begin ] --START--
INFO: Run Behavior\ReadHtmlCacheBehavior [ RunTime:0.000491s ]
INFO: [ app_begin ] --END-- [ RunTime:0.000518s ]
SQL: SHOW COLUMNS FROM `goods` [ RunTime:0.0041s ]
SQL: SHOW COLUMNS FROM `goodstype` [ RunTime:0.0040s ]
SQL: SHOW COLUMNS FROM `goodsclassify` [ RunTime:0.0035s ]
SQL: SELECT goods.id AS id,goods.classifyid AS classifyid,goods.name AS name,goods.image AS image,goods.price AS price,goods.addtime AS addtime,goods.detail AS detail,goodstype.id AS type_id,goodstype.color AS color,goodstype.size AS size,goodstype.goodsleft AS goodsleft,goodsclassify.classifyname AS classifyname FROM goods goods  JOIN goodstype goodstype ON goods.id=goodstype.goodsid  JOIN goodsclassify goodsclassify ON goods.classifyid=goodsclassify.id WHERE ( name="" and color="" and size="" )  [ RunTime:0.0039s ]
NOTIC: [8] Undefined index: goodsleft F:\php\httpd-2.4.20-win64-VC14\Apache24\htdocs\505\App\Home\Controller\IndexController.class.php 第 111 行.

[ 2016-05-01T21:20:49+08:00 ] ::1 /505/
INFO: [ app_init ] --START--
INFO: Run Behavior\BuildLiteBehavior [ RunTime:0.000013s ]
INFO: [ app_init ] --END-- [ RunTime:0.000584s ]
INFO: [ app_begin ] --START--
INFO: Run Behavior\ReadHtmlCacheBehavior [ RunTime:0.000671s ]
INFO: [ app_begin ] --END-- [ RunTime:0.000729s ]

[ 2016-05-01T21:23:11+08:00 ] 192.168.1.107 /505/index.php/home/index/goodsajax.html?name=%E4%BA%91%E6%80%9D%E6%9C%A8%E6%83%B32016%E6%98%A5%E5%AD%A3%E6%96%B0%E6%AC%BE%E5%A5%B3%E8%A3%85%E8%8A%B1%E6%9C%B5%E6%B5%B7%E6%B5%AA%E5%8D%B0%E8%8A%B1%E6%97%B6%E9%AB%A6%E9%95%82%E7%A9%BA%E7%BD%91%E5%B8%83T%E6%81%A461782&size=S&color=%E7%BA%A2%E8%89%B2
INFO: [ app_init ] --START--
INFO: Run Behavior\BuildLiteBehavior [ RunTime:0.000010s ]
INFO: [ app_init ] --END-- [ RunTime:0.000614s ]
INFO: [ app_begin ] --START--
INFO: Run Behavior\ReadHtmlCacheBehavior [ RunTime:0.000686s ]
INFO: [ app_begin ] --END-- [ RunTime:0.000721s ]
SQL: SHOW COLUMNS FROM `goods` [ RunTime:0.0053s ]
SQL: SHOW COLUMNS FROM `goodstype` [ RunTime:0.0057s ]
SQL: SHOW COLUMNS FROM `goodsclassify` [ RunTime:0.0057s ]
SQL: SELECT goods.id AS id,goods.classifyid AS classifyid,goods.name AS name,goods.image AS image,goods.price AS price,goods.addtime AS addtime,goods.detail AS detail,goodstype.id AS type_id,goodstype.color AS color,goodstype.size AS size,goodstype.goodsleft AS goodsleft,goodsclassify.classifyname AS classifyname FROM goods goods  JOIN goodstype goodstype ON goods.id=goodstype.goodsid  JOIN goodsclassify goodsclassify ON goods.classifyid=goodsclassify.id WHERE ( name="云思木想2016春季新款女装花朵海浪印花时髦镂空网布T恤61782" and color="红色" and size="S" )  [ RunTime:0.0037s ]
NOTIC: [8] Undefined index: goodsleft F:\php\httpd-2.4.20-win64-VC14\Apache24\htdocs\505\App\Home\Controller\IndexController.class.php 第 111 行.

[ 2016-05-01T21:23:12+08:00 ] 192.168.1.107 /505/index.php/home/index/goodsajax.html?name=%E4%BA%91%E6%80%9D%E6%9C%A8%E6%83%B32016%E6%98%A5%E5%AD%A3%E6%96%B0%E6%AC%BE%E5%A5%B3%E8%A3%85%E8%8A%B1%E6%9C%B5%E6%B5%B7%E6%B5%AA%E5%8D%B0%E8%8A%B1%E6%97%B6%E9%AB%A6%E9%95%82%E7%A9%BA%E7%BD%91%E5%B8%83T%E6%81%A461782&size=S&color=%E7%BA%A2%E8%89%B2
INFO: [ app_init ] --START--
INFO: Run Behavior\BuildLiteBehavior [ RunTime:0.000011s ]
INFO: [ app_init ] --END-- [ RunTime:0.000511s ]
INFO: [ app_begin ] --START--
INFO: Run Behavior\ReadHtmlCacheBehavior [ RunTime:0.000676s ]
INFO: [ app_begin ] --END-- [ RunTime:0.000711s ]
SQL: SHOW COLUMNS FROM `goods` [ RunTime:0.0049s ]
SQL: SHOW COLUMNS FROM `goodstype` [ RunTime:0.0051s ]
SQL: SHOW COLUMNS FROM `goodsclassify` [ RunTime:0.0031s ]
SQL: SELECT goods.id AS id,goods.classifyid AS classifyid,goods.name AS name,goods.image AS image,goods.price AS price,goods.addtime AS addtime,goods.detail AS detail,goodstype.id AS type_id,goodstype.color AS color,goodstype.size AS size,goodstype.goodsleft AS goodsleft,goodsclassify.classifyname AS classifyname FROM goods goods  JOIN goodstype goodstype ON goods.id=goodstype.goodsid  JOIN goodsclassify goodsclassify ON goods.classifyid=goodsclassify.id WHERE ( name="云思木想2016春季新款女装花朵海浪印花时髦镂空网布T恤61782" and color="红色" and size="S" )  [ RunTime:0.0043s ]
NOTIC: [8] Undefined index: goodsleft F:\php\httpd-2.4.20-win64-VC14\Apache24\htdocs\505\App\Home\Controller\IndexController.class.php 第 111 行.

[ 2016-05-01T21:24:40+08:00 ] 192.168.1.107 /505/index.php/home/index/goodsajax.html
INFO: [ app_init ] --START--
INFO: Run Behavior\BuildLiteBehavior [ RunTime:0.000026s ]
INFO: [ app_init ] --END-- [ RunTime:0.001399s ]
INFO: [ app_begin ] --START--
INFO: Run Behavior\ReadHtmlCacheBehavior [ RunTime:0.002058s ]
INFO: [ app_begin ] --END-- [ RunTime:0.002177s ]
SQL: SHOW COLUMNS FROM `goods` [ RunTime:0.0038s ]
SQL: SHOW COLUMNS FROM `goodstype` [ RunTime:0.0050s ]
SQL: SHOW COLUMNS FROM `goodsclassify` [ RunTime:0.0041s ]
SQL: SELECT goods.id AS id,goods.classifyid AS classifyid,goods.name AS name,goods.image AS image,goods.price AS price,goods.addtime AS addtime,goods.detail AS detail,goodstype.id AS type_id,goodstype.color AS color,goodstype.size AS size,goodstype.goodsleft AS goodsleft,goodsclassify.classifyname AS classifyname FROM goods goods  JOIN goodstype goodstype ON goods.id=goodstype.goodsid  JOIN goodsclassify goodsclassify ON goods.classifyid=goodsclassify.id WHERE ( name="" and color="" and size="" )  [ RunTime:0.0051s ]
NOTIC: [8] Undefined index: goodsleft F:\php\httpd-2.4.20-win64-VC14\Apache24\htdocs\505\App\Home\Controller\IndexController.class.php 第 111 行.

[ 2016-05-01T21:24:57+08:00 ] 192.168.1.107 /505/index.php/home/index/goodsajax.html?name=%E4%BA%91%E6%80%9D%E6%9C%A8%E6%83%B32016%E6%98%A5%E5%AD%A3%E6%96%B0%E6%AC%BE%E5%A5%B3%E8%A3%85%E8%8A%B1%E6%9C%B5%E6%B5%B7%E6%B5%AA%E5%8D%B0%E8%8A%B1%E6%97%B6%E9%AB%A6%E9%95%82%E7%A9%BA%E7%BD%91%E5%B8%83T%E6%81%A461782&size=S&color=%E7%BA%A2%E8%89%B2
INFO: [ app_init ] --START--
INFO: Run Behavior\BuildLiteBehavior [ RunTime:0.000028s ]
INFO: [ app_init ] --END-- [ RunTime:0.001366s ]
INFO: [ app_begin ] --START--
INFO: Run Behavior\ReadHtmlCacheBehavior [ RunTime:0.001645s ]
INFO: [ app_begin ] --END-- [ RunTime:0.001756s ]
SQL: SHOW COLUMNS FROM `goods` [ RunTime:0.0043s ]
SQL: SHOW COLUMNS FROM `goodstype` [ RunTime:0.0044s ]
SQL: SHOW COLUMNS FROM `goodsclassify` [ RunTime:0.0072s ]
SQL: SELECT goods.id AS id,goods.classifyid AS classifyid,goods.name AS name,goods.image AS image,goods.price AS price,goods.addtime AS addtime,goods.detail AS detail,goodstype.id AS type_id,goodstype.color AS color,goodstype.size AS size,goodstype.goodsleft AS goodsleft,goodsclassify.classifyname AS classifyname FROM goods goods  JOIN goodstype goodstype ON goods.id=goodstype.goodsid  JOIN goodsclassify goodsclassify ON goods.classifyid=goodsclassify.id WHERE ( name="云思木想2016春季新款女装花朵海浪印花时髦镂空网布T恤61782" and color="红色" and size="S" )  [ RunTime:0.0064s ]
NOTIC: [8] Undefined index: goodsleft F:\php\httpd-2.4.20-win64-VC14\Apache24\htdocs\505\App\Home\Controller\IndexController.class.php 第 111 行.

[ 2016-05-01T21:25:00+08:00 ] 192.168.1.107 /505/index.php/home/index/goodsajax.html?name=%E4%BA%91%E6%80%9D%E6%9C%A8%E6%83%B32016%E6%98%A5%E5%AD%A3%E6%96%B0%E6%AC%BE%E5%A5%B3%E8%A3%85%E8%8A%B1%E6%9C%B5%E6%B5%B7%E6%B5%AA%E5%8D%B0%E8%8A%B1%E6%97%B6%E9%AB%A6%E9%95%82%E7%A9%BA%E7%BD%91%E5%B8%83T%E6%81%A461782&size=S&color=%E7%BA%A2%E8%89%B2
INFO: [ app_init ] --START--
INFO: Run Behavior\BuildLiteBehavior [ RunTime:0.000019s ]
INFO: [ app_init ] --END-- [ RunTime:0.000905s ]
INFO: [ app_begin ] --START--
INFO: Run Behavior\ReadHtmlCacheBehavior [ RunTime:0.001111s ]
INFO: [ app_begin ] --END-- [ RunTime:0.001184s ]
SQL: SHOW COLUMNS FROM `goods` [ RunTime:0.0041s ]
SQL: SHOW COLUMNS FROM `goodstype` [ RunTime:0.0039s ]
SQL: SHOW COLUMNS FROM `goodsclassify` [ RunTime:0.0037s ]
SQL: SELECT goods.id AS id,goods.classifyid AS classifyid,goods.name AS name,goods.image AS image,goods.price AS price,goods.addtime AS addtime,goods.detail AS detail,goodstype.id AS type_id,goodstype.color AS color,goodstype.size AS size,goodstype.goodsleft AS goodsleft,goodsclassify.classifyname AS classifyname FROM goods goods  JOIN goodstype goodstype ON goods.id=goodstype.goodsid  JOIN goodsclassify goodsclassify ON goods.classifyid=goodsclassify.id WHERE ( name="云思木想2016春季新款女装花朵海浪印花时髦镂空网布T恤61782" and color="红色" and size="S" )  [ RunTime:0.0037s ]
NOTIC: [8] Undefined index: goodsleft F:\php\httpd-2.4.20-win64-VC14\Apache24\htdocs\505\App\Home\Controller\IndexController.class.php 第 111 行.

[ 2016-05-01T21:29:17+08:00 ] 192.168.1.107 /505/index.php/home/index/goodsajax.html?callback=jQuery110209312436093627552_1462109353661&name=%E4%BA%91%E6%80%9D%E6%9C%A8%E6%83%B32016%E6%98%A5%E5%AD%A3%E6%96%B0%E6%AC%BE%E5%A5%B3%E8%A3%85%E8%8A%B1%E6%9C%B5%E6%B5%B7%E6%B5%AA%E5%8D%B0%E8%8A%B1%E6%97%B6%E9%AB%A6%E9%95%82%E7%A9%BA%E7%BD%91%E5%B8%83T%E6%81%A461782&size=S&color=%E7%BA%A2%E8%89%B2&_=1462109353662
INFO: [ app_init ] --START--
INFO: Run Behavior\BuildLiteBehavior [ RunTime:0.000020s ]
INFO: [ app_init ] --END-- [ RunTime:0.000911s ]
INFO: [ app_begin ] --START--
INFO: Run Behavior\ReadHtmlCacheBehavior [ RunTime:0.001201s ]
INFO: [ app_begin ] --END-- [ RunTime:0.001272s ]
SQL: SHOW COLUMNS FROM `goods` [ RunTime:0.0037s ]
SQL: SHOW COLUMNS FROM `goodstype` [ RunTime:0.0072s ]
SQL: SHOW COLUMNS FROM `goodsclassify` [ RunTime:0.0036s ]
SQL: SELECT goods.id AS id,goods.classifyid AS classifyid,goods.name AS name,goods.image AS image,goods.price AS price,goods.addtime AS addtime,goods.detail AS detail,goodstype.id AS type_id,goodstype.color AS color,goodstype.size AS size,goodstype.goodsleft AS goodsleft,goodsclassify.classifyname AS classifyname FROM goods goods  JOIN goodstype goodstype ON goods.id=goodstype.goodsid  JOIN goodsclassify goodsclassify ON goods.classifyid=goodsclassify.id WHERE ( name="云思木想2016春季新款女装花朵海浪印花时髦镂空网布T恤61782" and color="红色" and size="S" ) LIMIT 1   [ RunTime:0.0049s ]

[ 2016-05-01T21:29:19+08:00 ] 192.168.1.107 /505/index.php/home/index/goodsajax.html?callback=jQuery110207968414129914287_1462109355560&name=%E4%BA%91%E6%80%9D%E6%9C%A8%E6%83%B32016%E6%98%A5%E5%AD%A3%E6%96%B0%E6%AC%BE%E5%A5%B3%E8%A3%85%E8%8A%B1%E6%9C%B5%E6%B5%B7%E6%B5%AA%E5%8D%B0%E8%8A%B1%E6%97%B6%E9%AB%A6%E9%95%82%E7%A9%BA%E7%BD%91%E5%B8%83T%E6%81%A461782&size=S&color=%E7%BA%A2%E8%89%B2&_=1462109355561
INFO: [ app_init ] --START--
INFO: Run Behavior\BuildLiteBehavior [ RunTime:0.000028s ]
INFO: [ app_init ] --END-- [ RunTime:0.001331s ]
INFO: [ app_begin ] --START--
INFO: Run Behavior\ReadHtmlCacheBehavior [ RunTime:0.001637s ]
INFO: [ app_begin ] --END-- [ RunTime:0.001749s ]
SQL: SHOW COLUMNS FROM `goods` [ RunTime:0.0131s ]
SQL: SHOW COLUMNS FROM `goodstype` [ RunTime:0.0036s ]
SQL: SHOW COLUMNS FROM `goodsclassify` [ RunTime:0.0043s ]
SQL: SELECT goods.id AS id,goods.classifyid AS classifyid,goods.name AS name,goods.image AS image,goods.price AS price,goods.addtime AS addtime,goods.detail AS detail,goodstype.id AS type_id,goodstype.color AS color,goodstype.size AS size,goodstype.goodsleft AS goodsleft,goodsclassify.classifyname AS classifyname FROM goods goods  JOIN goodstype goodstype ON goods.id=goodstype.goodsid  JOIN goodsclassify goodsclassify ON goods.classifyid=goodsclassify.id WHERE ( name="云思木想2016春季新款女装花朵海浪印花时髦镂空网布T恤61782" and color="红色" and size="S" ) LIMIT 1   [ RunTime:0.0037s ]

[ 2016-05-01T21:29:20+08:00 ] 192.168.1.107 /505/index.php/home/index/goodsajax.html?callback=jQuery1102037514891743417134_1462109357116&name=%E4%BA%91%E6%80%9D%E6%9C%A8%E6%83%B32016%E6%98%A5%E5%AD%A3%E6%96%B0%E6%AC%BE%E5%A5%B3%E8%A3%85%E8%8A%B1%E6%9C%B5%E6%B5%B7%E6%B5%AA%E5%8D%B0%E8%8A%B1%E6%97%B6%E9%AB%A6%E9%95%82%E7%A9%BA%E7%BD%91%E5%B8%83T%E6%81%A461782&size=S&color=%E7%BA%A2%E8%89%B2&_=1462109357117
INFO: [ app_init ] --START--
INFO: Run Behavior\BuildLiteBehavior [ RunTime:0.000026s ]
INFO: [ app_init ] --END-- [ RunTime:0.001320s ]
INFO: [ app_begin ] --START--
INFO: Run Behavior\ReadHtmlCacheBehavior [ RunTime:0.001551s ]
INFO: [ app_begin ] --END-- [ RunTime:0.001663s ]
SQL: SHOW COLUMNS FROM `goods` [ RunTime:0.0051s ]
SQL: SHOW COLUMNS FROM `goodstype` [ RunTime:0.0034s ]
SQL: SHOW COLUMNS FROM `goodsclassify` [ RunTime:0.0034s ]
SQL: SELECT goods.id AS id,goods.classifyid AS classifyid,goods.name AS name,goods.image AS image,goods.price AS price,goods.addtime AS addtime,goods.detail AS detail,goodstype.id AS type_id,goodstype.color AS color,goodstype.size AS size,goodstype.goodsleft AS goodsleft,goodsclassify.classifyname AS classifyname FROM goods goods  JOIN goodstype goodstype ON goods.id=goodstype.goodsid  JOIN goodsclassify goodsclassify ON goods.classifyid=goodsclassify.id WHERE ( name="云思木想2016春季新款女装花朵海浪印花时髦镂空网布T恤61782" and color="红色" and size="S" ) LIMIT 1   [ RunTime:0.0040s ]

[ 2016-05-01T21:29:31+08:00 ] 192.168.1.107 /505/index.php/home/index/goodsajax.html?name=%E4%BA%91%E6%80%9D%E6%9C%A8%E6%83%B32016%E6%98%A5%E5%AD%A3%E6%96%B0%E6%AC%BE%E5%A5%B3%E8%A3%85%E8%8A%B1%E6%9C%B5%E6%B5%B7%E6%B5%AA%E5%8D%B0%E8%8A%B1%E6%97%B6%E9%AB%A6%E9%95%82%E7%A9%BA%E7%BD%91%E5%B8%83T%E6%81%A461782&size=S&color=%E7%BA%A2%E8%89%B2
INFO: [ app_init ] --START--
INFO: Run Behavior\BuildLiteBehavior [ RunTime:0.000018s ]
INFO: [ app_init ] --END-- [ RunTime:0.000899s ]
INFO: [ app_begin ] --START--
INFO: Run Behavior\ReadHtmlCacheBehavior [ RunTime:0.001034s ]
INFO: [ app_begin ] --END-- [ RunTime:0.001106s ]
SQL: SHOW COLUMNS FROM `goods` [ RunTime:0.0066s ]
SQL: SHOW COLUMNS FROM `goodstype` [ RunTime:0.0032s ]
SQL: SHOW COLUMNS FROM `goodsclassify` [ RunTime:0.0031s ]
SQL: SELECT goods.id AS id,goods.classifyid AS classifyid,goods.name AS name,goods.image AS image,goods.price AS price,goods.addtime AS addtime,goods.detail AS detail,goodstype.id AS type_id,goodstype.color AS color,goodstype.size AS size,goodstype.goodsleft AS goodsleft,goodsclassify.classifyname AS classifyname FROM goods goods  JOIN goodstype goodstype ON goods.id=goodstype.goodsid  JOIN goodsclassify goodsclassify ON goods.classifyid=goodsclassify.id WHERE ( name="云思木想2016春季新款女装花朵海浪印花时髦镂空网布T恤61782" and color="红色" and size="S" ) LIMIT 1   [ RunTime:0.0036s ]

[ 2016-05-01T21:29:32+08:00 ] 192.168.1.107 /505/index.php/home/index/goodsajax.html?name=%E4%BA%91%E6%80%9D%E6%9C%A8%E6%83%B32016%E6%98%A5%E5%AD%A3%E6%96%B0%E6%AC%BE%E5%A5%B3%E8%A3%85%E8%8A%B1%E6%9C%B5%E6%B5%B7%E6%B5%AA%E5%8D%B0%E8%8A%B1%E6%97%B6%E9%AB%A6%E9%95%82%E7%A9%BA%E7%BD%91%E5%B8%83T%E6%81%A461782&size=S&color=%E7%BA%A2%E8%89%B2
INFO: [ app_init ] --START--
INFO: Run Behavior\BuildLiteBehavior [ RunTime:0.000029s ]
INFO: [ app_init ] --END-- [ RunTime:0.000607s ]
INFO: [ app_begin ] --START--
INFO: Run Behavior\ReadHtmlCacheBehavior [ RunTime:0.000364s ]
INFO: [ app_begin ] --END-- [ RunTime:0.000390s ]
SQL: SHOW COLUMNS FROM `goods` [ RunTime:0.0082s ]
SQL: SHOW COLUMNS FROM `goodstype` [ RunTime:0.0073s ]
SQL: SHOW COLUMNS FROM `goodsclassify` [ RunTime:0.0069s ]
SQL: SELECT goods.id AS id,goods.classifyid AS classifyid,goods.name AS name,goods.image AS image,goods.price AS price,goods.addtime AS addtime,goods.detail AS detail,goodstype.id AS type_id,goodstype.color AS color,goodstype.size AS size,goodstype.goodsleft AS goodsleft,goodsclassify.classifyname AS classifyname FROM goods goods  JOIN goodstype goodstype ON goods.id=goodstype.goodsid  JOIN goodsclassify goodsclassify ON goods.classifyid=goodsclassify.id WHERE ( name="云思木想2016春季新款女装花朵海浪印花时髦镂空网布T恤61782" and color="红色" and size="S" ) LIMIT 1   [ RunTime:0.0045s ]

[ 2016-05-01T21:31:23+08:00 ] 192.168.1.107 /505/index.php/home/index/goodsajax.html?name=%E4%BA%91%E6%80%9D%E6%9C%A8%E6%83%B32016%E6%98%A5%E5%AD%A3%E6%96%B0%E6%AC%BE%E5%A5%B3%E8%A3%85%E8%8A%B1%E6%9C%B5%E6%B5%B7%E6%B5%AA%E5%8D%B0%E8%8A%B1%E6%97%B6%E9%AB%A6%E9%95%82%E7%A9%BA%E7%BD%91%E5%B8%83T%E6%81%A461782&size=S&color=%E7%BA%A2%E8%89%B2
INFO: [ app_init ] --START--
INFO: Run Behavior\BuildLiteBehavior [ RunTime:0.000032s ]
INFO: [ app_init ] --END-- [ RunTime:0.001420s ]
INFO: [ app_begin ] --START--
INFO: Run Behavior\ReadHtmlCacheBehavior [ RunTime:0.001922s ]
INFO: [ app_begin ] --END-- [ RunTime:0.002038s ]
SQL: SHOW COLUMNS FROM `goods` [ RunTime:0.0065s ]
SQL: SHOW COLUMNS FROM `goodstype` [ RunTime:0.0040s ]
SQL: SHOW COLUMNS FROM `goodsclassify` [ RunTime:0.0039s ]
SQL: SELECT goods.id AS id,goods.classifyid AS classifyid,goods.name AS name,goods.image AS image,goods.price AS price,goods.addtime AS addtime,goods.detail AS detail,goodstype.id AS type_id,goodstype.color AS color,goodstype.size AS size,goodstype.goodsleft AS goodsleft,goodsclassify.classifyname AS classifyname FROM goods goods  JOIN goodstype goodstype ON goods.id=goodstype.goodsid  JOIN goodsclassify goodsclassify ON goods.classifyid=goodsclassify.id WHERE ( name="云思木想2016春季新款女装花朵海浪印花时髦镂空网布T恤61782" and color="红色" and size="S" ) LIMIT 1   [ RunTime:0.0047s ]

[ 2016-05-01T21:31:25+08:00 ] 192.168.1.107 /505/index.php/home/index/goodsajax.html?name=%E4%BA%91%E6%80%9D%E6%9C%A8%E6%83%B32016%E6%98%A5%E5%AD%A3%E6%96%B0%E6%AC%BE%E5%A5%B3%E8%A3%85%E8%8A%B1%E6%9C%B5%E6%B5%B7%E6%B5%AA%E5%8D%B0%E8%8A%B1%E6%97%B6%E9%AB%A6%E9%95%82%E7%A9%BA%E7%BD%91%E5%B8%83T%E6%81%A461782&size=S&color=%E7%BA%A2%E8%89%B2
INFO: [ app_init ] --START--
INFO: Run Behavior\BuildLiteBehavior [ RunTime:0.000018s ]
INFO: [ app_init ] --END-- [ RunTime:0.000859s ]
INFO: [ app_begin ] --START--
INFO: Run Behavior\ReadHtmlCacheBehavior [ RunTime:0.001028s ]
INFO: [ app_begin ] --END-- [ RunTime:0.001096s ]
SQL: SHOW COLUMNS FROM `goods` [ RunTime:0.0039s ]
SQL: SHOW COLUMNS FROM `goodstype` [ RunTime:0.0040s ]
SQL: SHOW COLUMNS FROM `goodsclassify` [ RunTime:0.0036s ]
SQL: SELECT goods.id AS id,goods.classifyid AS classifyid,goods.name AS name,goods.image AS image,goods.price AS price,goods.addtime AS addtime,goods.detail AS detail,goodstype.id AS type_id,goodstype.color AS color,goodstype.size AS size,goodstype.goodsleft AS goodsleft,goodsclassify.classifyname AS classifyname FROM goods goods  JOIN goodstype goodstype ON goods.id=goodstype.goodsid  JOIN goodsclassify goodsclassify ON goods.classifyid=goodsclassify.id WHERE ( name="云思木想2016春季新款女装花朵海浪印花时髦镂空网布T恤61782" and color="红色" and size="S" ) LIMIT 1   [ RunTime:0.0040s ]

[ 2016-05-01T21:31:58+08:00 ] 192.168.1.107 /505/index.php/home/index/goodsajax.html?name=%E4%BA%91%E6%80%9D%E6%9C%A8%E6%83%B32016%E6%98%A5%E5%AD%A3%E6%96%B0%E6%AC%BE%E5%A5%B3%E8%A3%85%E8%8A%B1%E6%9C%B5%E6%B5%B7%E6%B5%AA%E5%8D%B0%E8%8A%B1%E6%97%B6%E9%AB%A6%E9%95%82%E7%A9%BA%E7%BD%91%E5%B8%83T%E6%81%A461782&size=S&color=%E7%BA%A2%E8%89%B2
INFO: [ app_init ] --START--
INFO: Run Behavior\BuildLiteBehavior [ RunTime:0.000029s ]
INFO: [ app_init ] --END-- [ RunTime:0.001367s ]
INFO: [ app_begin ] --START--
INFO: Run Behavior\ReadHtmlCacheBehavior [ RunTime:0.001651s ]
INFO: [ app_begin ] --END-- [ RunTime:0.001763s ]
SQL: SHOW COLUMNS FROM `goods` [ RunTime:0.0044s ]
SQL: SHOW COLUMNS FROM `goodstype` [ RunTime:0.0039s ]
SQL: SHOW COLUMNS FROM `goodsclassify` [ RunTime:0.0046s ]
SQL: SELECT goods.id AS id,goods.classifyid AS classifyid,goods.name AS name,goods.image AS image,goods.price AS price,goods.addtime AS addtime,goods.detail AS detail,goodstype.id AS type_id,goodstype.color AS color,goodstype.size AS size,goodstype.goodsleft AS goodsleft,goodsclassify.classifyname AS classifyname FROM goods goods  JOIN goodstype goodstype ON goods.id=goodstype.goodsid  JOIN goodsclassify goodsclassify ON goods.classifyid=goodsclassify.id WHERE ( name="云思木想2016春季新款女装花朵海浪印花时髦镂空网布T恤61782" and color="红色" and size="S" ) LIMIT 1   [ RunTime:0.0041s ]

[ 2016-05-01T23:45:22+08:00 ] ::1 /505/
INFO: [ app_init ] --START--
INFO: Run Behavior\BuildLiteBehavior [ RunTime:0.000010s ]
INFO: [ app_init ] --END-- [ RunTime:0.000394s ]
INFO: [ app_begin ] --START--
INFO: Run Behavior\ReadHtmlCacheBehavior [ RunTime:0.000618s ]
INFO: [ app_begin ] --END-- [ RunTime:0.000652s ]

[ 2016-05-01T23:45:34+08:00 ] ::1 /505/index.php/home/index/login.html
INFO: [ app_init ] --START--
INFO: Run Behavior\BuildLiteBehavior [ RunTime:0.000009s ]
INFO: [ app_init ] --END-- [ RunTime:0.000392s ]
INFO: [ app_begin ] --START--
INFO: Run Behavior\ReadHtmlCacheBehavior [ RunTime:0.000470s ]
INFO: [ app_begin ] --END-- [ RunTime:0.000502s ]
INFO: [ view_parse ] --START--
INFO: [ template_filter ] --START--
INFO: Run Behavior\ContentReplaceBehavior [ RunTime:0.000030s ]
INFO: [ template_filter ] --END-- [ RunTime:0.000080s ]
INFO: Run Behavior\ParseTemplateBehavior [ RunTime:0.006461s ]
INFO: [ view_parse ] --END-- [ RunTime:0.006519s ]
INFO: [ view_filter ] --START--
INFO: Run Behavior\WriteHtmlCacheBehavior [ RunTime:0.000497s ]
INFO: [ view_filter ] --END-- [ RunTime:0.000535s ]
INFO: [ app_end ] --START--
INFO: Run Behavior\ShowPageTraceBehavior [ RunTime:0.000662s ]
INFO: [ app_end ] --END-- [ RunTime:0.000693s ]

[ 2016-05-01T23:45:38+08:00 ] ::1 /505/index.php/home/Index/register.html
INFO: [ app_init ] --START--
INFO: Run Behavior\BuildLiteBehavior [ RunTime:0.000012s ]
INFO: [ app_init ] --END-- [ RunTime:0.000459s ]
INFO: [ app_begin ] --START--
INFO: Run Behavior\ReadHtmlCacheBehavior [ RunTime:0.000516s ]
INFO: [ app_begin ] --END-- [ RunTime:0.000557s ]
INFO: [ view_parse ] --START--
INFO: [ template_filter ] --START--
INFO: Run Behavior\ContentReplaceBehavior [ RunTime:0.000026s ]
INFO: [ template_filter ] --END-- [ RunTime:0.000062s ]
NOTIC: [8] Use of undefined constant index - assumed 'index' F:\php\httpd-2.4.20-win64-VC14\Apache24\htdocs\505\App\Runtime\Cache\Home\dbb02cb1c1c2b54da40f8d87ae6f007b.php 第 19 行.
NOTIC: [8] Use of undefined constant php - assumed 'php' F:\php\httpd-2.4.20-win64-VC14\Apache24\htdocs\505\App\Runtime\Cache\Home\dbb02cb1c1c2b54da40f8d87ae6f007b.php 第 19 行.
NOTIC: [8] Use of undefined constant home - assumed 'home' F:\php\httpd-2.4.20-win64-VC14\Apache24\htdocs\505\App\Runtime\Cache\Home\dbb02cb1c1c2b54da40f8d87ae6f007b.php 第 19 行.
NOTIC: [2] Division by zero F:\php\httpd-2.4.20-win64-VC14\Apache24\htdocs\505\App\Runtime\Cache\Home\dbb02cb1c1c2b54da40f8d87ae6f007b.php 第 19 行.
NOTIC: [8] Use of undefined constant Index - assumed 'Index' F:\php\httpd-2.4.20-win64-VC14\Apache24\htdocs\505\App\Runtime\Cache\Home\dbb02cb1c1c2b54da40f8d87ae6f007b.php 第 19 行.
NOTIC: [2] Division by zero F:\php\httpd-2.4.20-win64-VC14\Apache24\htdocs\505\App\Runtime\Cache\Home\dbb02cb1c1c2b54da40f8d87ae6f007b.php 第 19 行.
NOTIC: [8] Use of undefined constant verify - assumed 'verify' F:\php\httpd-2.4.20-win64-VC14\Apache24\htdocs\505\App\Runtime\Cache\Home\dbb02cb1c1c2b54da40f8d87ae6f007b.php 第 19 行.
NOTIC: [2] Division by zero F:\php\httpd-2.4.20-win64-VC14\Apache24\htdocs\505\App\Runtime\Cache\Home\dbb02cb1c1c2b54da40f8d87ae6f007b.php 第 19 行.
INFO: Run Behavior\ParseTemplateBehavior [ RunTime:0.028352s ]
INFO: [ view_parse ] --END-- [ RunTime:0.028382s ]
INFO: [ view_filter ] --START--
INFO: Run Behavior\WriteHtmlCacheBehavior [ RunTime:0.000310s ]
INFO: [ view_filter ] --END-- [ RunTime:0.000330s ]
INFO: [ app_end ] --START--
INFO: Run Behavior\ShowPageTraceBehavior [ RunTime:0.000443s ]
INFO: [ app_end ] --END-- [ RunTime:0.000465s ]

[ 2016-05-01T23:45:38+08:00 ] ::1 /505/index.php/home/Index/verify.html
INFO: [ app_init ] --START--
INFO: Run Behavior\BuildLiteBehavior [ RunTime:0.000044s ]
INFO: [ app_init ] --END-- [ RunTime:0.000894s ]
INFO: [ app_begin ] --START--
INFO: Run Behavior\ReadHtmlCacheBehavior [ RunTime:0.001233s ]
INFO: [ app_begin ] --END-- [ RunTime:0.001412s ]
ERR: Call to undefined function Think\imagecreate()

[ 2016-05-01T23:46:22+08:00 ] ::1 /505/index.php/home/index/login.html
INFO: [ app_init ] --START--
INFO: Run Behavior\BuildLiteBehavior [ RunTime:0.000009s ]
INFO: [ app_init ] --END-- [ RunTime:0.000370s ]
INFO: [ app_begin ] --START--
INFO: Run Behavior\ReadHtmlCacheBehavior [ RunTime:0.000413s ]
INFO: [ app_begin ] --END-- [ RunTime:0.000451s ]
INFO: [ view_parse ] --START--
INFO: [ template_filter ] --START--
INFO: Run Behavior\ContentReplaceBehavior [ RunTime:0.000057s ]
INFO: [ template_filter ] --END-- [ RunTime:0.000137s ]
INFO: Run Behavior\ParseTemplateBehavior [ RunTime:0.004866s ]
INFO: [ view_parse ] --END-- [ RunTime:0.004978s ]
INFO: [ view_filter ] --START--
INFO: Run Behavior\WriteHtmlCacheBehavior [ RunTime:0.000490s ]
INFO: [ view_filter ] --END-- [ RunTime:0.000523s ]
SQL: SHOW COLUMNS FROM `users` [ RunTime:0.0044s ]
SQL: SELECT * FROM `users` WHERE ( account="1111" and password="b0baee9d279d34fa1dfd71aadb908c3f" )  [ RunTime:0.0031s ]
INFO: [ view_parse ] --START--
INFO: [ template_filter ] --START--
INFO: Run Behavior\ContentReplaceBehavior [ RunTime:0.000025s ]
INFO: [ template_filter ] --END-- [ RunTime:-0.078839s ]
INFO: Run Behavior\ParseTemplateBehavior [ RunTime:0.073783s ]
INFO: [ view_parse ] --END-- [ RunTime:-0.037582s ]
INFO: [ view_filter ] --START--
INFO: Run Behavior\WriteHtmlCacheBehavior [ RunTime:0.000017s ]
INFO: [ view_filter ] --END-- [ RunTime:-0.110932s ]

[ 2016-05-01T23:46:25+08:00 ] ::1 /505/index.php/home/index/login.html
INFO: [ app_init ] --START--
INFO: Run Behavior\BuildLiteBehavior [ RunTime:0.000014s ]
INFO: [ app_init ] --END-- [ RunTime:0.000649s ]
INFO: [ app_begin ] --START--
INFO: Run Behavior\ReadHtmlCacheBehavior [ RunTime:0.000807s ]
INFO: [ app_begin ] --END-- [ RunTime:0.000871s ]
INFO: [ view_parse ] --START--
INFO: [ template_filter ] --START--
INFO: Run Behavior\ContentReplaceBehavior [ RunTime:0.000052s ]
INFO: [ template_filter ] --END-- [ RunTime:0.000149s ]
INFO: Run Behavior\ParseTemplateBehavior [ RunTime:0.007540s ]
INFO: [ view_parse ] --END-- [ RunTime:0.007612s ]
INFO: [ view_filter ] --START--
INFO: Run Behavior\WriteHtmlCacheBehavior [ RunTime:0.000691s ]
INFO: [ view_filter ] --END-- [ RunTime:0.000738s ]
INFO: [ app_end ] --START--
INFO: Run Behavior\ShowPageTraceBehavior [ RunTime:0.001187s ]
INFO: [ app_end ] --END-- [ RunTime:0.001245s ]

[ 2016-05-01T23:46:27+08:00 ] ::1 /505/index.php/home/index/login.html
INFO: [ app_init ] --START--
INFO: Run Behavior\BuildLiteBehavior [ RunTime:0.000011s ]
INFO: [ app_init ] --END-- [ RunTime:0.000450s ]
INFO: [ app_begin ] --START--
INFO: Run Behavior\ReadHtmlCacheBehavior [ RunTime:0.000500s ]
INFO: [ app_begin ] --END-- [ RunTime:0.000540s ]
INFO: [ view_parse ] --START--
INFO: [ template_filter ] --START--
INFO: Run Behavior\ContentReplaceBehavior [ RunTime:0.000026s ]
INFO: [ template_filter ] --END-- [ RunTime:0.000069s ]
INFO: Run Behavior\ParseTemplateBehavior [ RunTime:0.004876s ]
INFO: [ view_parse ] --END-- [ RunTime:0.004935s ]
INFO: [ view_filter ] --START--
INFO: Run Behavior\WriteHtmlCacheBehavior [ RunTime:0.000586s ]
INFO: [ view_filter ] --END-- [ RunTime:0.000626s ]
SQL: SHOW COLUMNS FROM `users` [ RunTime:0.0057s ]
SQL: SELECT * FROM `users` WHERE ( account="1111" and password="96e79218965eb72c92a549dd5a330112" )  [ RunTime:0.0030s ]
INFO: [ view_parse ] --START--
INFO: [ template_filter ] --START--
INFO: Run Behavior\ContentReplaceBehavior [ RunTime:0.000024s ]
INFO: [ template_filter ] --END-- [ RunTime:-0.031380s ]
INFO: Run Behavior\ParseTemplateBehavior [ RunTime:0.001675s ]
INFO: [ view_parse ] --END-- [ RunTime:-0.029760s ]
INFO: [ view_filter ] --START--
INFO: Run Behavior\WriteHtmlCacheBehavior [ RunTime:0.000006s ]
INFO: [ view_filter ] --END-- [ RunTime:-0.030831s ]

[ 2016-05-01T23:46:30+08:00 ] ::1 /505/index.php/home/index/login.html
INFO: [ app_init ] --START--
INFO: Run Behavior\BuildLiteBehavior [ RunTime:0.000017s ]
INFO: [ app_init ] --END-- [ RunTime:0.000791s ]
INFO: [ app_begin ] --START--
INFO: Run Behavior\ReadHtmlCacheBehavior [ RunTime:0.000904s ]
INFO: [ app_begin ] --END-- [ RunTime:0.000973s ]
INFO: [ view_parse ] --START--
INFO: [ template_filter ] --START--
INFO: Run Behavior\ContentReplaceBehavior [ RunTime:0.000044s ]
INFO: [ template_filter ] --END-- [ RunTime:0.000124s ]
INFO: Run Behavior\ParseTemplateBehavior [ RunTime:0.008007s ]
INFO: [ view_parse ] --END-- [ RunTime:0.008087s ]
INFO: [ view_filter ] --START--
INFO: Run Behavior\WriteHtmlCacheBehavior [ RunTime:0.000795s ]
INFO: [ view_filter ] --END-- [ RunTime:0.000853s ]
INFO: [ app_end ] --START--
INFO: Run Behavior\ShowPageTraceBehavior [ RunTime:0.001204s ]
INFO: [ app_end ] --END-- [ RunTime:0.001266s ]

[ 2016-05-01T23:46:33+08:00 ] ::1 /505/index.php/home/index/login.html
INFO: [ app_init ] --START--
INFO: Run Behavior\BuildLiteBehavior [ RunTime:0.000013s ]
INFO: [ app_init ] --END-- [ RunTime:0.000467s ]
INFO: [ app_begin ] --START--
INFO: Run Behavior\ReadHtmlCacheBehavior [ RunTime:0.000505s ]
INFO: [ app_begin ] --END-- [ RunTime:0.000545s ]
INFO: [ view_parse ] --START--
INFO: [ template_filter ] --START--
INFO: Run Behavior\ContentReplaceBehavior [ RunTime:0.000025s ]
INFO: [ template_filter ] --END-- [ RunTime:0.000068s ]
INFO: Run Behavior\ParseTemplateBehavior [ RunTime:0.004946s ]
INFO: [ view_parse ] --END-- [ RunTime:0.005060s ]
INFO: [ view_filter ] --START--
INFO: Run Behavior\WriteHtmlCacheBehavior [ RunTime:0.000723s ]
INFO: [ view_filter ] --END-- [ RunTime:0.000787s ]
SQL: SHOW COLUMNS FROM `users` [ RunTime:0.0035s ]
SQL: SELECT * FROM `users` WHERE ( account="1111" and password="b59c67bf196a4758191e42f76670ceba" )  [ RunTime:0.0029s ]
INFO: [ view_parse ] --START--
INFO: [ template_filter ] --START--
INFO: Run Behavior\ContentReplaceBehavior [ RunTime:0.000021s ]
INFO: [ template_filter ] --END-- [ RunTime:-0.043428s ]
INFO: Run Behavior\ParseTemplateBehavior [ RunTime:0.001582s ]
INFO: [ view_parse ] --END-- [ RunTime:-0.041516s ]
INFO: [ view_filter ] --START--
INFO: Run Behavior\WriteHtmlCacheBehavior [ RunTime:0.000005s ]
INFO: [ view_filter ] --END-- [ RunTime:-0.042339s ]

[ 2016-05-01T23:46:36+08:00 ] ::1 /505/index.php/home/index/login.html
INFO: [ app_init ] --START--
INFO: Run Behavior\BuildLiteBehavior [ RunTime:0.000013s ]
INFO: [ app_init ] --END-- [ RunTime:0.000650s ]
INFO: [ app_begin ] --START--
INFO: Run Behavior\ReadHtmlCacheBehavior [ RunTime:0.000751s ]
INFO: [ app_begin ] --END-- [ RunTime:0.000821s ]
INFO: [ view_parse ] --START--
INFO: [ template_filter ] --START--
INFO: Run Behavior\ContentReplaceBehavior [ RunTime:0.000041s ]
INFO: [ template_filter ] --END-- [ RunTime:0.000125s ]
INFO: Run Behavior\ParseTemplateBehavior [ RunTime:0.006526s ]
INFO: [ view_parse ] --END-- [ RunTime:0.006607s ]
INFO: [ view_filter ] --START--
INFO: Run Behavior\WriteHtmlCacheBehavior [ RunTime:0.000768s ]
INFO: [ view_filter ] --END-- [ RunTime:0.000832s ]
INFO: [ app_end ] --START--
INFO: Run Behavior\ShowPageTraceBehavior [ RunTime:0.001040s ]
INFO: [ app_end ] --END-- [ RunTime:0.001096s ]

[ 2016-05-01T23:47:13+08:00 ] ::1 /505/index.php/home/index/login.html
INFO: [ app_init ] --START--
INFO: Run Behavior\BuildLiteBehavior [ RunTime:0.000012s ]
INFO: [ app_init ] --END-- [ RunTime:0.000697s ]
INFO: [ app_begin ] --START--
INFO: Run Behavior\ReadHtmlCacheBehavior [ RunTime:0.000491s ]
INFO: [ app_begin ] --END-- [ RunTime:0.000529s ]
INFO: [ view_parse ] --START--
INFO: [ template_filter ] --START--
INFO: Run Behavior\ContentReplaceBehavior [ RunTime:0.000048s ]
INFO: [ template_filter ] --END-- [ RunTime:0.000129s ]
INFO: Run Behavior\ParseTemplateBehavior [ RunTime:0.005482s ]
INFO: [ view_parse ] --END-- [ RunTime:0.005542s ]
INFO: [ view_filter ] --START--
INFO: Run Behavior\WriteHtmlCacheBehavior [ RunTime:0.000480s ]
INFO: [ view_filter ] --END-- [ RunTime:0.000512s ]
SQL: SHOW COLUMNS FROM `users` [ RunTime:0.0053s ]
SQL: SELECT * FROM `users` WHERE ( account="222" and password="bcbe3365e6ac95ea2c0343a2395834dd" )  [ RunTime:0.0034s ]
INFO: [ view_parse ] --START--
INFO: [ template_filter ] --START--
INFO: Run Behavior\ContentReplaceBehavior [ RunTime:0.000025s ]
INFO: [ template_filter ] --END-- [ RunTime:-0.057182s ]
INFO: Run Behavior\ParseTemplateBehavior [ RunTime:0.001590s ]
INFO: [ view_parse ] --END-- [ RunTime:-0.054885s ]
INFO: [ view_filter ] --START--
INFO: Run Behavior\WriteHtmlCacheBehavior [ RunTime:0.000006s ]
INFO: [ view_filter ] --END-- [ RunTime:-0.055986s ]

[ 2016-05-01T23:47:16+08:00 ] ::1 /505/index.php/home/index/login.html
INFO: [ app_init ] --START--
INFO: Run Behavior\BuildLiteBehavior [ RunTime:0.000011s ]
INFO: [ app_init ] --END-- [ RunTime:0.000523s ]
INFO: [ app_begin ] --START--
INFO: Run Behavior\ReadHtmlCacheBehavior [ RunTime:0.000389s ]
INFO: [ app_begin ] --END-- [ RunTime:0.000417s ]
INFO: [ view_parse ] --START--
INFO: [ template_filter ] --START--
INFO: Run Behavior\ContentReplaceBehavior [ RunTime:0.000049s ]
INFO: [ template_filter ] --END-- [ RunTime:0.000093s ]
INFO: Run Behavior\ParseTemplateBehavior [ RunTime:0.003977s ]
INFO: [ view_parse ] --END-- [ RunTime:0.004017s ]
INFO: [ view_filter ] --START--
INFO: Run Behavior\WriteHtmlCacheBehavior [ RunTime:0.000315s ]
INFO: [ view_filter ] --END-- [ RunTime:0.000336s ]
INFO: [ app_end ] --START--
INFO: Run Behavior\ShowPageTraceBehavior [ RunTime:0.000452s ]
INFO: [ app_end ] --END-- [ RunTime:0.000475s ]

[ 2016-05-01T23:47:46+08:00 ] ::1 /505/index.php/home/index/login.html
INFO: [ app_init ] --START--
INFO: Run Behavior\BuildLiteBehavior [ RunTime:0.000010s ]
INFO: [ app_init ] --END-- [ RunTime:0.000430s ]
INFO: [ app_begin ] --START--
INFO: Run Behavior\ReadHtmlCacheBehavior [ RunTime:0.000497s ]
INFO: [ app_begin ] --END-- [ RunTime:0.000534s ]
INFO: [ view_parse ] --START--
INFO: [ template_filter ] --START--
INFO: Run Behavior\ContentReplaceBehavior [ RunTime:0.000040s ]
INFO: [ template_filter ] --END-- [ RunTime:0.000112s ]
INFO: Run Behavior\ParseTemplateBehavior [ RunTime:0.005211s ]
INFO: [ view_parse ] --END-- [ RunTime:0.005271s ]
INFO: [ view_filter ] --START--
INFO: Run Behavior\WriteHtmlCacheBehavior [ RunTime:0.000489s ]
INFO: [ view_filter ] --END-- [ RunTime:0.000522s ]
SQL: SHOW COLUMNS FROM `users` [ RunTime:0.0049s ]
SQL: SELECT * FROM `users` WHERE ( account="1111" and password="e10adc3949ba59abbe56e057f20f883e" )  [ RunTime:0.0031s ]
INFO: [ view_parse ] --START--
INFO: [ template_filter ] --START--
INFO: Run Behavior\ContentReplaceBehavior [ RunTime:0.000021s ]
INFO: [ template_filter ] --END-- [ RunTime:-0.038675s ]
INFO: Run Behavior\ParseTemplateBehavior [ RunTime:0.001548s ]
INFO: [ view_parse ] --END-- [ RunTime:-0.036651s ]
INFO: [ view_filter ] --START--
INFO: Run Behavior\WriteHtmlCacheBehavior [ RunTime:0.000005s ]
INFO: [ view_filter ] --END-- [ RunTime:-0.037700s ]
INFO: [ app_end ] --START--
INFO: Run Behavior\ShowPageTraceBehavior [ RunTime:0.000563s ]
INFO: [ app_end ] --END-- [ RunTime:0.000587s ]

[ 2016-05-01T23:47:48+08:00 ] ::1 /505/index.php/home/Index/homepage.html
INFO: [ app_init ] --START--
INFO: Run Behavior\BuildLiteBehavior [ RunTime:0.000017s ]
INFO: [ app_init ] --END-- [ RunTime:0.000775s ]
INFO: [ app_begin ] --START--
INFO: Run Behavior\ReadHtmlCacheBehavior [ RunTime:0.000844s ]
INFO: [ app_begin ] --END-- [ RunTime:0.000910s ]
SQL: SHOW COLUMNS FROM `goods` [ RunTime:0.0042s ]
SQL: SHOW COLUMNS FROM `goodstype` [ RunTime:0.0060s ]
SQL: SHOW COLUMNS FROM `goodsclassify` [ RunTime:0.0037s ]
SQL: SELECT goods.id AS id,goods.classifyid AS classifyid,goods.name AS name,goods.image AS image,goods.price AS price,goods.addtime AS addtime,goods.detail AS detail,goodstype.id AS type_id,goodstype.color AS color,goodstype.size AS size,goodstype.goodsleft AS goodsleft,goodsclassify.classifyname AS classifyname FROM goods goods  JOIN goodstype goodstype ON goods.id=goodstype.goodsid  JOIN goodsclassify goodsclassify ON goods.classifyid=goodsclassify.id  [ RunTime:0.0062s ]
INFO: [ view_parse ] --START--
INFO: [ template_filter ] --START--
INFO: Run Behavior\ContentReplaceBehavior [ RunTime:0.000067s ]
INFO: [ template_filter ] --END-- [ RunTime:0.000115s ]
INFO: Run Behavior\ParseTemplateBehavior [ RunTime:0.038000s ]
INFO: [ view_parse ] --END-- [ RunTime:0.038073s ]
INFO: [ view_filter ] --START--
INFO: Run Behavior\WriteHtmlCacheBehavior [ RunTime:0.000579s ]
INFO: [ view_filter ] --END-- [ RunTime:0.000620s ]
INFO: [ app_end ] --START--
INFO: Run Behavior\ShowPageTraceBehavior [ RunTime:0.000843s ]
INFO: [ app_end ] --END-- [ RunTime:0.000884s ]

[ 2016-05-01T23:47:55+08:00 ] ::1 /505/index.php/home/Index/homepage.html
INFO: [ app_init ] --START--
INFO: Run Behavior\BuildLiteBehavior [ RunTime:0.000011s ]
INFO: [ app_init ] --END-- [ RunTime:0.000379s ]
INFO: [ app_begin ] --START--
INFO: Run Behavior\ReadHtmlCacheBehavior [ RunTime:0.000664s ]
INFO: [ app_begin ] --END-- [ RunTime:0.000715s ]
SQL: SHOW COLUMNS FROM `goods` [ RunTime:0.0037s ]
SQL: SHOW COLUMNS FROM `goodstype` [ RunTime:0.0040s ]
SQL: SHOW COLUMNS FROM `goodsclassify` [ RunTime:0.0035s ]
SQL: SELECT goods.id AS id,goods.classifyid AS classifyid,goods.name AS name,goods.image AS image,goods.price AS price,goods.addtime AS addtime,goods.detail AS detail,goodstype.id AS type_id,goodstype.color AS color,goodstype.size AS size,goodstype.goodsleft AS goodsleft,goodsclassify.classifyname AS classifyname FROM goods goods  JOIN goodstype goodstype ON goods.id=goodstype.goodsid  JOIN goodsclassify goodsclassify ON goods.classifyid=goodsclassify.id  [ RunTime:0.0043s ]
INFO: [ view_parse ] --START--
INFO: [ template_filter ] --START--
INFO: Run Behavior\ContentReplaceBehavior [ RunTime:0.000063s ]
INFO: [ template_filter ] --END-- [ RunTime:0.000119s ]
INFO: Run Behavior\ParseTemplateBehavior [ RunTime:0.007250s ]
INFO: [ view_parse ] --END-- [ RunTime:0.007305s ]
INFO: [ view_filter ] --START--
INFO: Run Behavior\WriteHtmlCacheBehavior [ RunTime:0.000559s ]
INFO: [ view_filter ] --END-- [ RunTime:0.000588s ]
INFO: [ app_end ] --START--
INFO: Run Behavior\ShowPageTraceBehavior [ RunTime:0.000484s ]
INFO: [ app_end ] --END-- [ RunTime:0.000507s ]

[ 2016-05-01T23:48:00+08:00 ] ::1 /505/index.php/home/Index/homepage.html?classify=%E6%9C%8D%E8%A3%85
INFO: [ app_init ] --START--
INFO: Run Behavior\BuildLiteBehavior [ RunTime:0.000013s ]
INFO: [ app_init ] --END-- [ RunTime:0.000486s ]
INFO: [ app_begin ] --START--
INFO: Run Behavior\ReadHtmlCacheBehavior [ RunTime:0.000605s ]
INFO: [ app_begin ] --END-- [ RunTime:0.000644s ]
SQL: SHOW COLUMNS FROM `goodsclassify` [ RunTime:0.0033s ]
SQL: SELECT `id` FROM `goodsclassify` WHERE ( classifyname="服装" ) LIMIT 1   [ RunTime:0.0027s ]
SQL: SHOW COLUMNS FROM `goods` [ RunTime:0.0036s ]
SQL: SHOW COLUMNS FROM `goodstype` [ RunTime:0.0030s ]
SQL: SELECT goods.id AS id,goods.classifyid AS classifyid,goods.name AS name,goods.image AS image,goods.price AS price,goods.addtime AS addtime,goods.detail AS detail,goodstype.id AS type_id,goodstype.color AS color,goodstype.size AS size,goodstype.goodsleft AS goodsleft,goodsclassify.classifyname AS classifyname FROM goods goods  JOIN goodstype goodstype ON goods.id=goodstype.goodsid  JOIN goodsclassify goodsclassify ON goods.classifyid=goodsclassify.id WHERE ( classifyid="2" )  [ RunTime:0.0044s ]
INFO: [ view_parse ] --START--
INFO: [ template_filter ] --START--
INFO: Run Behavior\ContentReplaceBehavior [ RunTime:0.000046s ]
INFO: [ template_filter ] --END-- [ RunTime:0.000072s ]
INFO: Run Behavior\ParseTemplateBehavior [ RunTime:0.006173s ]
INFO: [ view_parse ] --END-- [ RunTime:0.006207s ]
INFO: [ view_filter ] --START--
INFO: Run Behavior\WriteHtmlCacheBehavior [ RunTime:0.000379s ]
INFO: [ view_filter ] --END-- [ RunTime:0.000402s ]
INFO: [ app_end ] --START--
INFO: Run Behavior\ShowPageTraceBehavior [ RunTime:0.000524s ]
INFO: [ app_end ] --END-- [ RunTime:0.000548s ]

[ 2016-05-01T23:48:03+08:00 ] ::1 /505/index.php/home/Index/chart.html
INFO: [ app_init ] --START--
INFO: Run Behavior\BuildLiteBehavior [ RunTime:0.000012s ]
INFO: [ app_init ] --END-- [ RunTime:0.000446s ]
INFO: [ app_begin ] --START--
INFO: Run Behavior\ReadHtmlCacheBehavior [ RunTime:0.000521s ]
INFO: [ app_begin ] --END-- [ RunTime:0.000561s ]
ERR: 非法操作:chart

[ 2016-05-01T23:58:21+08:00 ] ::1 /505/index.php/home/Index/homepage.html?classify=%E9%9E%8B%E5%8C%85
INFO: [ app_init ] --START--
INFO: Run Behavior\BuildLiteBehavior [ RunTime:0.000022s ]
INFO: [ app_init ] --END-- [ RunTime:0.000585s ]
INFO: [ app_begin ] --START--
INFO: Run Behavior\ReadHtmlCacheBehavior [ RunTime:0.000637s ]
INFO: [ app_begin ] --END-- [ RunTime:0.000685s ]
SQL: SHOW COLUMNS FROM `goodsclassify` [ RunTime:0.0107s ]
SQL: SELECT `id` FROM `goodsclassify` WHERE ( classifyname="鞋包" ) LIMIT 1   [ RunTime:0.0107s ]
SQL: SHOW COLUMNS FROM `goods` [ RunTime:0.0051s ]
SQL: SHOW COLUMNS FROM `goodstype` [ RunTime:0.0055s ]
SQL: SELECT goods.id AS id,goods.classifyid AS classifyid,goods.name AS name,goods.image AS image,goods.price AS price,goods.addtime AS addtime,goods.detail AS detail,goodstype.id AS type_id,goodstype.color AS color,goodstype.size AS size,goodstype.goodsleft AS goodsleft,goodsclassify.classifyname AS classifyname FROM goods goods  JOIN goodstype goodstype ON goods.id=goodstype.goodsid  JOIN goodsclassify goodsclassify ON goods.classifyid=goodsclassify.id WHERE ( classifyid="3" )  [ RunTime:0.0092s ]
INFO: [ view_parse ] --START--
INFO: [ template_filter ] --START--
INFO: Run Behavior\ContentReplaceBehavior [ RunTime:0.000097s ]
INFO: [ template_filter ] --END-- [ RunTime:0.000136s ]
INFO: Run Behavior\ParseTemplateBehavior [ RunTime:0.006154s ]
INFO: [ view_parse ] --END-- [ RunTime:0.006201s ]
INFO: [ view_filter ] --START--
INFO: Run Behavior\WriteHtmlCacheBehavior [ RunTime:0.000382s ]
INFO: [ view_filter ] --END-- [ RunTime:0.000407s ]
INFO: [ app_end ] --START--
INFO: Run Behavior\ShowPageTraceBehavior [ RunTime:0.000491s ]
INFO: [ app_end ] --END-- [ RunTime:0.000515s ]

[ 2016-05-01T23:58:24+08:00 ] ::1 /505/index.php/home/Index/homepage.html?classify=%E9%85%8D%E9%A5%B0
INFO: [ app_init ] --START--
INFO: Run Behavior\BuildLiteBehavior [ RunTime:0.000029s ]
INFO: [ app_init ] --END-- [ RunTime:0.000638s ]
INFO: [ app_begin ] --START--
INFO: Run Behavior\ReadHtmlCacheBehavior [ RunTime:0.000533s ]
INFO: [ app_begin ] --END-- [ RunTime:0.000578s ]
SQL: SHOW COLUMNS FROM `goodsclassify` [ RunTime:0.0039s ]
SQL: SELECT `id` FROM `goodsclassify` WHERE ( classifyname="配饰" ) LIMIT 1   [ RunTime:0.0031s ]
SQL: SHOW COLUMNS FROM `goods` [ RunTime:0.0051s ]
SQL: SHOW COLUMNS FROM `goodstype` [ RunTime:0.0058s ]
SQL: SELECT goods.id AS id,goods.classifyid AS classifyid,goods.name AS name,goods.image AS image,goods.price AS price,goods.addtime AS addtime,goods.detail AS detail,goodstype.id AS type_id,goodstype.color AS color,goodstype.size AS size,goodstype.goodsleft AS goodsleft,goodsclassify.classifyname AS classifyname FROM goods goods  JOIN goodstype goodstype ON goods.id=goodstype.goodsid  JOIN goodsclassify goodsclassify ON goods.classifyid=goodsclassify.id WHERE ( classifyid="4" )  [ RunTime:0.0145s ]
INFO: [ view_parse ] --START--
INFO: [ template_filter ] --START--
INFO: Run Behavior\ContentReplaceBehavior [ RunTime:0.000051s ]
INFO: [ template_filter ] --END-- [ RunTime:0.000092s ]
INFO: Run Behavior\ParseTemplateBehavior [ RunTime:0.006693s ]
INFO: [ view_parse ] --END-- [ RunTime:0.006763s ]
INFO: [ view_filter ] --START--
INFO: Run Behavior\WriteHtmlCacheBehavior [ RunTime:0.000742s ]
INFO: [ view_filter ] --END-- [ RunTime:0.000769s ]
INFO: [ app_end ] --START--
INFO: Run Behavior\ShowPageTraceBehavior [ RunTime:0.000552s ]
INFO: [ app_end ] --END-- [ RunTime:0.000578s ]

[ 2016-05-01T23:58:24+08:00 ] ::1 /505/index.php/home/Index/homepage.html?classify=%E6%95%B0%E7%A0%81
INFO: [ app_init ] --START--
INFO: Run Behavior\BuildLiteBehavior [ RunTime:0.000014s ]
INFO: [ app_init ] --END-- [ RunTime:0.000472s ]
INFO: [ app_begin ] --START--
INFO: Run Behavior\ReadHtmlCacheBehavior [ RunTime:0.000569s ]
INFO: [ app_begin ] --END-- [ RunTime:0.000623s ]
SQL: SHOW COLUMNS FROM `goodsclassify` [ RunTime:0.0034s ]
SQL: SELECT `id` FROM `goodsclassify` WHERE ( classifyname="数码" ) LIMIT 1   [ RunTime:0.0089s ]
SQL: SHOW COLUMNS FROM `goods` [ RunTime:0.0047s ]
SQL: SHOW COLUMNS FROM `goodstype` [ RunTime:0.0039s ]
SQL: SELECT goods.id AS id,goods.classifyid AS classifyid,goods.name AS name,goods.image AS image,goods.price AS price,goods.addtime AS addtime,goods.detail AS detail,goodstype.id AS type_id,goodstype.color AS color,goodstype.size AS size,goodstype.goodsleft AS goodsleft,goodsclassify.classifyname AS classifyname FROM goods goods  JOIN goodstype goodstype ON goods.id=goodstype.goodsid  JOIN goodsclassify goodsclassify ON goods.classifyid=goodsclassify.id WHERE ( classifyid="5" )  [ RunTime:0.0035s ]
INFO: [ view_parse ] --START--
INFO: [ template_filter ] --START--
INFO: Run Behavior\ContentReplaceBehavior [ RunTime:0.000041s ]
INFO: [ template_filter ] --END-- [ RunTime:0.000065s ]
INFO: Run Behavior\ParseTemplateBehavior [ RunTime:0.004889s ]
INFO: [ view_parse ] --END-- [ RunTime:0.004921s ]
INFO: [ view_filter ] --START--
INFO: Run Behavior\WriteHtmlCacheBehavior [ RunTime:0.000340s ]
INFO: [ view_filter ] --END-- [ RunTime:0.000362s ]
INFO: [ app_end ] --START--
INFO: Run Behavior\ShowPageTraceBehavior [ RunTime:0.000462s ]
INFO: [ app_end ] --END-- [ RunTime:0.000484s ]

[ 2016-05-01T23:58:25+08:00 ] ::1 /505/index.php/home/Index/homepage.html?classify=%E6%9C%8D%E8%A3%85
INFO: [ app_init ] --START--
INFO: Run Behavior\BuildLiteBehavior [ RunTime:0.000012s ]
INFO: [ app_init ] --END-- [ RunTime:0.000444s ]
INFO: [ app_begin ] --START--
INFO: Run Behavior\ReadHtmlCacheBehavior [ RunTime:0.000482s ]
INFO: [ app_begin ] --END-- [ RunTime:0.000516s ]
SQL: SHOW COLUMNS FROM `goodsclassify` [ RunTime:0.0038s ]
SQL: SELECT `id` FROM `goodsclassify` WHERE ( classifyname="服装" ) LIMIT 1   [ RunTime:0.0029s ]
SQL: SHOW COLUMNS FROM `goods` [ RunTime:0.0037s ]
SQL: SHOW COLUMNS FROM `goodstype` [ RunTime:0.0052s ]
SQL: SELECT goods.id AS id,goods.classifyid AS classifyid,goods.name AS name,goods.image AS image,goods.price AS price,goods.addtime AS addtime,goods.detail AS detail,goodstype.id AS type_id,goodstype.color AS color,goodstype.size AS size,goodstype.goodsleft AS goodsleft,goodsclassify.classifyname AS classifyname FROM goods goods  JOIN goodstype goodstype ON goods.id=goodstype.goodsid  JOIN goodsclassify goodsclassify ON goods.classifyid=goodsclassify.id WHERE ( classifyid="2" )  [ RunTime:0.0076s ]
INFO: [ view_parse ] --START--
INFO: [ template_filter ] --START--
INFO: Run Behavior\ContentReplaceBehavior [ RunTime:0.000043s ]
INFO: [ template_filter ] --END-- [ RunTime:0.000067s ]
INFO: Run Behavior\ParseTemplateBehavior [ RunTime:0.005312s ]
INFO: [ view_parse ] --END-- [ RunTime:0.005352s ]
INFO: [ view_filter ] --START--
INFO: Run Behavior\WriteHtmlCacheBehavior [ RunTime:0.000404s ]
INFO: [ view_filter ] --END-- [ RunTime:0.000428s ]
INFO: [ app_end ] --START--
INFO: Run Behavior\ShowPageTraceBehavior [ RunTime:0.000586s ]
INFO: [ app_end ] --END-- [ RunTime:0.000611s ]

[ 2016-05-01T23:58:26+08:00 ] ::1 /505/index.php/home/Index/homepage.html?classify=%E6%9C%8D%E8%A3%85
INFO: [ app_init ] --START--
INFO: Run Behavior\BuildLiteBehavior [ RunTime:0.000009s ]
INFO: [ app_init ] --END-- [ RunTime:0.000373s ]
INFO: [ app_begin ] --START--
INFO: Run Behavior\ReadHtmlCacheBehavior [ RunTime:0.000399s ]
INFO: [ app_begin ] --END-- [ RunTime:0.000432s ]
SQL: SHOW COLUMNS FROM `goodsclassify` [ RunTime:0.0093s ]
SQL: SELECT `id` FROM `goodsclassify` WHERE ( classifyname="服装" ) LIMIT 1   [ RunTime:0.0251s ]
SQL: SHOW COLUMNS FROM `goods` [ RunTime:0.0076s ]
SQL: SHOW COLUMNS FROM `goodstype` [ RunTime:0.0069s ]
SQL: SELECT goods.id AS id,goods.classifyid AS classifyid,goods.name AS name,goods.image AS image,goods.price AS price,goods.addtime AS addtime,goods.detail AS detail,goodstype.id AS type_id,goodstype.color AS color,goodstype.size AS size,goodstype.goodsleft AS goodsleft,goodsclassify.classifyname AS classifyname FROM goods goods  JOIN goodstype goodstype ON goods.id=goodstype.goodsid  JOIN goodsclassify goodsclassify ON goods.classifyid=goodsclassify.id WHERE ( classifyid="2" )  [ RunTime:0.0052s ]
INFO: [ view_parse ] --START--
INFO: [ template_filter ] --START--
INFO: Run Behavior\ContentReplaceBehavior [ RunTime:0.000102s ]
INFO: [ template_filter ] --END-- [ RunTime:0.000165s ]
INFO: Run Behavior\ParseTemplateBehavior [ RunTime:0.011652s ]
INFO: [ view_parse ] --END-- [ RunTime:0.011727s ]
INFO: [ view_filter ] --START--
INFO: Run Behavior\WriteHtmlCacheBehavior [ RunTime:0.000836s ]
INFO: [ view_filter ] --END-- [ RunTime:0.000898s ]
INFO: [ app_end ] --START--
INFO: Run Behavior\ShowPageTraceBehavior [ RunTime:0.001257s ]
INFO: [ app_end ] --END-- [ RunTime:0.001324s ]

[ 2016-05-01T23:58:27+08:00 ] ::1 /505/index.php/home/Index/homepage.html?classify=%E9%9E%8B%E5%8C%85
INFO: [ app_init ] --START--
INFO: Run Behavior\BuildLiteBehavior [ RunTime:0.000012s ]
INFO: [ app_init ] --END-- [ RunTime:0.000438s ]
INFO: [ app_begin ] --START--
INFO: Run Behavior\ReadHtmlCacheBehavior [ RunTime:0.000501s ]
INFO: [ app_begin ] --END-- [ RunTime:0.000544s ]
SQL: SHOW COLUMNS FROM `goodsclassify` [ RunTime:0.0060s ]
SQL: SELECT `id` FROM `goodsclassify` WHERE ( classifyname="鞋包" ) LIMIT 1   [ RunTime:0.0050s ]
SQL: SHOW COLUMNS FROM `goods` [ RunTime:0.0062s ]
SQL: SHOW COLUMNS FROM `goodstype` [ RunTime:0.0124s ]
SQL: SELECT goods.id AS id,goods.classifyid AS classifyid,goods.name AS name,goods.image AS image,goods.price AS price,goods.addtime AS addtime,goods.detail AS detail,goodstype.id AS type_id,goodstype.color AS color,goodstype.size AS size,goodstype.goodsleft AS goodsleft,goodsclassify.classifyname AS classifyname FROM goods goods  JOIN goodstype goodstype ON goods.id=goodstype.goodsid  JOIN goodsclassify goodsclassify ON goods.classifyid=goodsclassify.id WHERE ( classifyid="3" )  [ RunTime:0.0060s ]
INFO: [ view_parse ] --START--
INFO: [ template_filter ] --START--
INFO: Run Behavior\ContentReplaceBehavior [ RunTime:0.000042s ]
INFO: [ template_filter ] --END-- [ RunTime:0.000066s ]
INFO: Run Behavior\ParseTemplateBehavior [ RunTime:0.005055s ]
INFO: [ view_parse ] --END-- [ RunTime:0.005084s ]
INFO: [ view_filter ] --START--
INFO: Run Behavior\WriteHtmlCacheBehavior [ RunTime:0.000325s ]
INFO: [ view_filter ] --END-- [ RunTime:0.000348s ]
INFO: [ app_end ] --START--
INFO: Run Behavior\ShowPageTraceBehavior [ RunTime:0.000450s ]
INFO: [ app_end ] --END-- [ RunTime:0.000472s ]

[ 2016-05-01T23:58:27+08:00 ] ::1 /505/index.php/home/Index/homepage.html?classify=%E9%85%8D%E9%A5%B0
INFO: [ app_init ] --START--
INFO: Run Behavior\BuildLiteBehavior [ RunTime:0.000012s ]
INFO: [ app_init ] --END-- [ RunTime:0.000452s ]
INFO: [ app_begin ] --START--
INFO: Run Behavior\ReadHtmlCacheBehavior [ RunTime:0.000504s ]
INFO: [ app_begin ] --END-- [ RunTime:0.000542s ]
SQL: SHOW COLUMNS FROM `goodsclassify` [ RunTime:0.0061s ]
SQL: SELECT `id` FROM `goodsclassify` WHERE ( classifyname="配饰" ) LIMIT 1   [ RunTime:0.0075s ]
SQL: SHOW COLUMNS FROM `goods` [ RunTime:0.0150s ]
SQL: SHOW COLUMNS FROM `goodstype` [ RunTime:0.0114s ]
SQL: SELECT goods.id AS id,goods.classifyid AS classifyid,goods.name AS name,goods.image AS image,goods.price AS price,goods.addtime AS addtime,goods.detail AS detail,goodstype.id AS type_id,goodstype.color AS color,goodstype.size AS size,goodstype.goodsleft AS goodsleft,goodsclassify.classifyname AS classifyname FROM goods goods  JOIN goodstype goodstype ON goods.id=goodstype.goodsid  JOIN goodsclassify goodsclassify ON goods.classifyid=goodsclassify.id WHERE ( classifyid="4" )  [ RunTime:0.0037s ]
INFO: [ view_parse ] --START--
INFO: [ template_filter ] --START--
INFO: Run Behavior\ContentReplaceBehavior [ RunTime:0.000040s ]
INFO: [ template_filter ] --END-- [ RunTime:0.000066s ]
INFO: Run Behavior\ParseTemplateBehavior [ RunTime:0.005151s ]
INFO: [ view_parse ] --END-- [ RunTime:0.005182s ]
INFO: [ view_filter ] --START--
INFO: Run Behavior\WriteHtmlCacheBehavior [ RunTime:0.000390s ]
INFO: [ view_filter ] --END-- [ RunTime:0.000413s ]
INFO: [ app_end ] --START--
INFO: Run Behavior\ShowPageTraceBehavior [ RunTime:0.000515s ]
INFO: [ app_end ] --END-- [ RunTime:0.000537s ]

[ 2016-05-01T23:58:28+08:00 ] ::1 /505/index.php/home/Index/homepage.html?classify=%E6%95%B0%E7%A0%81
INFO: [ app_init ] --START--
INFO: Run Behavior\BuildLiteBehavior [ RunTime:0.000011s ]
INFO: [ app_init ] --END-- [ RunTime:0.000456s ]
INFO: [ app_begin ] --START--
INFO: Run Behavior\ReadHtmlCacheBehavior [ RunTime:0.000508s ]
INFO: [ app_begin ] --END-- [ RunTime:0.000549s ]
SQL: SHOW COLUMNS FROM `goodsclassify` [ RunTime:0.0035s ]
SQL: SELECT `id` FROM `goodsclassify` WHERE ( classifyname="数码" ) LIMIT 1   [ RunTime:0.0028s ]
SQL: SHOW COLUMNS FROM `goods` [ RunTime:0.0056s ]
SQL: SHOW COLUMNS FROM `goodstype` [ RunTime:0.0058s ]
SQL: SELECT goods.id AS id,goods.classifyid AS classifyid,goods.name AS name,goods.image AS image,goods.price AS price,goods.addtime AS addtime,goods.detail AS detail,goodstype.id AS type_id,goodstype.color AS color,goodstype.size AS size,goodstype.goodsleft AS goodsleft,goodsclassify.classifyname AS classifyname FROM goods goods  JOIN goodstype goodstype ON goods.id=goodstype.goodsid  JOIN goodsclassify goodsclassify ON goods.classifyid=goodsclassify.id WHERE ( classifyid="5" )  [ RunTime:0.0046s ]
INFO: [ view_parse ] --START--
INFO: [ template_filter ] --START--
INFO: Run Behavior\ContentReplaceBehavior [ RunTime:0.000056s ]
INFO: [ template_filter ] --END-- [ RunTime:0.000090s ]
INFO: Run Behavior\ParseTemplateBehavior [ RunTime:0.006126s ]
INFO: [ view_parse ] --END-- [ RunTime:0.006167s ]
INFO: [ view_filter ] --START--
INFO: Run Behavior\WriteHtmlCacheBehavior [ RunTime:0.000432s ]
INFO: [ view_filter ] --END-- [ RunTime:0.000464s ]
INFO: [ app_end ] --START--
INFO: Run Behavior\ShowPageTraceBehavior [ RunTime:0.000605s ]
INFO: [ app_end ] --END-- [ RunTime:0.000634s ]

[ 2016-05-01T23:58:29+08:00 ] ::1 /505/index.php/home/Index/homepage.html?classify=%E6%8A%98%E6%89%A3
INFO: [ app_init ] --START--
INFO: Run Behavior\BuildLiteBehavior [ RunTime:0.000020s ]
INFO: [ app_init ] --END-- [ RunTime:0.000639s ]
INFO: [ app_begin ] --START--
INFO: Run Behavior\ReadHtmlCacheBehavior [ RunTime:0.000528s ]
INFO: [ app_begin ] --END-- [ RunTime:0.000564s ]
SQL: SHOW COLUMNS FROM `goodsclassify` [ RunTime:0.0252s ]
SQL: SELECT `id` FROM `goodsclassify` WHERE ( classifyname="折扣" ) LIMIT 1   [ RunTime:0.0027s ]
SQL: SHOW COLUMNS FROM `goods` [ RunTime:0.0116s ]
SQL: SHOW COLUMNS FROM `goodstype` [ RunTime:0.0243s ]
SQL: SELECT goods.id AS id,goods.classifyid AS classifyid,goods.name AS name,goods.image AS image,goods.price AS price,goods.addtime AS addtime,goods.detail AS detail,goodstype.id AS type_id,goodstype.color AS color,goodstype.size AS size,goodstype.goodsleft AS goodsleft,goodsclassify.classifyname AS classifyname FROM goods goods  JOIN goodstype goodstype ON goods.id=goodstype.goodsid  JOIN goodsclassify goodsclassify ON goods.classifyid=goodsclassify.id WHERE ( classifyid="9" )  [ RunTime:0.0077s ]
INFO: [ view_parse ] --START--
INFO: [ template_filter ] --START--
INFO: Run Behavior\ContentReplaceBehavior [ RunTime:0.000117s ]
INFO: [ template_filter ] --END-- [ RunTime:0.000195s ]
INFO: Run Behavior\ParseTemplateBehavior [ RunTime:0.013694s ]
INFO: [ view_parse ] --END-- [ RunTime:0.013780s ]
INFO: [ view_filter ] --START--
INFO: Run Behavior\WriteHtmlCacheBehavior [ RunTime:0.001080s ]
INFO: [ view_filter ] --END-- [ RunTime:0.001153s ]
INFO: [ app_end ] --START--
INFO: Run Behavior\ShowPageTraceBehavior [ RunTime:0.001427s ]
INFO: [ app_end ] --END-- [ RunTime:0.001500s ]

[ 2016-05-01T23:58:29+08:00 ] ::1 /505/index.php/home/Index/homepage.html?classify=%E8%B6%85%E5%B8%82
INFO: [ app_init ] --START--
INFO: Run Behavior\BuildLiteBehavior [ RunTime:0.000008s ]
INFO: [ app_init ] --END-- [ RunTime:0.000327s ]
INFO: [ app_begin ] --START--
INFO: Run Behavior\ReadHtmlCacheBehavior [ RunTime:0.000351s ]
INFO: [ app_begin ] --END-- [ RunTime:0.000376s ]
SQL: SHOW COLUMNS FROM `goodsclassify` [ RunTime:0.0036s ]
SQL: SELECT `id` FROM `goodsclassify` WHERE ( classifyname="超市" ) LIMIT 1   [ RunTime:0.0045s ]
SQL: SHOW COLUMNS FROM `goods` [ RunTime:0.0041s ]
SQL: SHOW COLUMNS FROM `goodstype` [ RunTime:0.0037s ]
SQL: SELECT goods.id AS id,goods.classifyid AS classifyid,goods.name AS name,goods.image AS image,goods.price AS price,goods.addtime AS addtime,goods.detail AS detail,goodstype.id AS type_id,goodstype.color AS color,goodstype.size AS size,goodstype.goodsleft AS goodsleft,goodsclassify.classifyname AS classifyname FROM goods goods  JOIN goodstype goodstype ON goods.id=goodstype.goodsid  JOIN goodsclassify goodsclassify ON goods.classifyid=goodsclassify.id WHERE ( classifyid="8" )  [ RunTime:0.0107s ]
INFO: [ view_parse ] --START--
INFO: [ template_filter ] --START--
INFO: Run Behavior\ContentReplaceBehavior [ RunTime:0.000054s ]
INFO: [ template_filter ] --END-- [ RunTime:0.000093s ]
INFO: Run Behavior\ParseTemplateBehavior [ RunTime:0.006193s ]
INFO: [ view_parse ] --END-- [ RunTime:0.006232s ]
INFO: [ view_filter ] --START--
INFO: Run Behavior\WriteHtmlCacheBehavior [ RunTime:0.000449s ]
INFO: [ view_filter ] --END-- [ RunTime:0.000480s ]
INFO: [ app_end ] --START--
INFO: Run Behavior\ShowPageTraceBehavior [ RunTime:0.000663s ]
INFO: [ app_end ] --END-- [ RunTime:0.000697s ]

[ 2016-05-01T23:58:30+08:00 ] ::1 /505/index.php/home/Index/homepage.html?classify=%E9%A3%9F%E5%93%81
INFO: [ app_init ] --START--
INFO: Run Behavior\BuildLiteBehavior [ RunTime:0.000012s ]
INFO: [ app_init ] --END-- [ RunTime:0.000414s ]
INFO: [ app_begin ] --START--
INFO: Run Behavior\ReadHtmlCacheBehavior [ RunTime:0.000460s ]
INFO: [ app_begin ] --END-- [ RunTime:0.000496s ]
SQL: SHOW COLUMNS FROM `goodsclassify` [ RunTime:0.0035s ]
SQL: SELECT `id` FROM `goodsclassify` WHERE ( classifyname="食品" ) LIMIT 1   [ RunTime:0.0057s ]
SQL: SHOW COLUMNS FROM `goods` [ RunTime:0.0052s ]
SQL: SHOW COLUMNS FROM `goodstype` [ RunTime:0.0040s ]
SQL: SELECT goods.id AS id,goods.classifyid AS classifyid,goods.name AS name,goods.image AS image,goods.price AS price,goods.addtime AS addtime,goods.detail AS detail,goodstype.id AS type_id,goodstype.color AS color,goodstype.size AS size,goodstype.goodsleft AS goodsleft,goodsclassify.classifyname AS classifyname FROM goods goods  JOIN goodstype goodstype ON goods.id=goodstype.goodsid  JOIN goodsclassify goodsclassify ON goods.classifyid=goodsclassify.id WHERE ( classifyid="7" )  [ RunTime:0.0087s ]
INFO: [ view_parse ] --START--
INFO: [ template_filter ] --START--
INFO: Run Behavior\ContentReplaceBehavior [ RunTime:0.000043s ]
INFO: [ template_filter ] --END-- [ RunTime:0.000067s ]
INFO: Run Behavior\ParseTemplateBehavior [ RunTime:0.005095s ]
INFO: [ view_parse ] --END-- [ RunTime:0.005127s ]
INFO: [ view_filter ] --START--
INFO: Run Behavior\WriteHtmlCacheBehavior [ RunTime:0.000383s ]
INFO: [ view_filter ] --END-- [ RunTime:0.000406s ]
INFO: [ app_end ] --START--
INFO: Run Behavior\ShowPageTraceBehavior [ RunTime:0.000552s ]
INFO: [ app_end ] --END-- [ RunTime:0.000580s ]

[ 2016-05-01T23:58:30+08:00 ] ::1 /505/index.php/home/Index/homepage.html?classify=%E8%AF%BB%E7%89%A9
INFO: [ app_init ] --START--
INFO: Run Behavior\BuildLiteBehavior [ RunTime:0.000011s ]
INFO: [ app_init ] --END-- [ RunTime:0.000444s ]
INFO: [ app_begin ] --START--
INFO: Run Behavior\ReadHtmlCacheBehavior [ RunTime:0.000519s ]
INFO: [ app_begin ] --END-- [ RunTime:0.000558s ]
SQL: SHOW COLUMNS FROM `goodsclassify` [ RunTime:0.0075s ]
SQL: SELECT `id` FROM `goodsclassify` WHERE ( classifyname="读物" ) LIMIT 1   [ RunTime:0.0148s ]
SQL: SHOW COLUMNS FROM `goods` [ RunTime:0.0172s ]
SQL: SHOW COLUMNS FROM `goodstype` [ RunTime:0.0057s ]
SQL: SELECT goods.id AS id,goods.classifyid AS classifyid,goods.name AS name,goods.image AS image,goods.price AS price,goods.addtime AS addtime,goods.detail AS detail,goodstype.id AS type_id,goodstype.color AS color,goodstype.size AS size,goodstype.goodsleft AS goodsleft,goodsclassify.classifyname AS classifyname FROM goods goods  JOIN goodstype goodstype ON goods.id=goodstype.goodsid  JOIN goodsclassify goodsclassify ON goods.classifyid=goodsclassify.id WHERE ( classifyid="6" )  [ RunTime:0.0072s ]
INFO: [ view_parse ] --START--
INFO: [ template_filter ] --START--
INFO: Run Behavior\ContentReplaceBehavior [ RunTime:0.000055s ]
INFO: [ template_filter ] --END-- [ RunTime:0.000086s ]
INFO: Run Behavior\ParseTemplateBehavior [ RunTime:0.006053s ]
INFO: [ view_parse ] --END-- [ RunTime:0.006092s ]
INFO: [ view_filter ] --START--
INFO: Run Behavior\WriteHtmlCacheBehavior [ RunTime:0.000438s ]
INFO: [ view_filter ] --END-- [ RunTime:0.000471s ]
INFO: [ app_end ] --START--
INFO: Run Behavior\ShowPageTraceBehavior [ RunTime:0.000633s ]
INFO: [ app_end ] --END-- [ RunTime:0.000666s ]

[ 2016-05-01T23:58:31+08:00 ] ::1 /505/index.php/home/Index/peaple.html
INFO: [ app_init ] --START--
INFO: Run Behavior\BuildLiteBehavior [ RunTime:0.000011s ]
INFO: [ app_init ] --END-- [ RunTime:0.000437s ]
INFO: [ app_begin ] --START--
INFO: Run Behavior\ReadHtmlCacheBehavior [ RunTime:0.000487s ]
INFO: [ app_begin ] --END-- [ RunTime:0.000523s ]
ERR: 非法操作:peaple

[ 2016-05-01T23:58:36+08:00 ] ::1 /505/index.php/home/Index/chart.html
INFO: [ app_init ] --START--
INFO: Run Behavior\BuildLiteBehavior [ RunTime:0.000012s ]
INFO: [ app_init ] --END-- [ RunTime:0.000465s ]
INFO: [ app_begin ] --START--
INFO: Run Behavior\ReadHtmlCacheBehavior [ RunTime:0.000500s ]
INFO: [ app_begin ] --END-- [ RunTime:0.000538s ]
ERR: 非法操作:chart

[ 2016-05-01T23:58:43+08:00 ] ::1 /505/index.php/home/Index/chart.html
INFO: [ app_init ] --START--
INFO: Run Behavior\BuildLiteBehavior [ RunTime:0.000019s ]
INFO: [ app_init ] --END-- [ RunTime:0.000526s ]
INFO: [ app_begin ] --START--
INFO: Run Behavior\ReadHtmlCacheBehavior [ RunTime:0.000496s ]
INFO: [ app_begin ] --END-- [ RunTime:0.000544s ]
ERR: 非法操作:chart

