[ 2016-05-03T10:42:16+08:00 ] ::1 /505/
INFO: [ app_init ] --START--
INFO: Run Behavior\BuildLiteBehavior [ RunTime:0.000011s ]
INFO: [ app_init ] --END-- [ RunTime:0.000444s ]
INFO: [ app_begin ] --START--
INFO: Run Behavior\ReadHtmlCacheBehavior [ RunTime:0.000461s ]
INFO: [ app_begin ] --END-- [ RunTime:0.000495s ]

[ 2016-05-03T10:42:33+08:00 ] ::1 /505/index.php/home/index/login.html
INFO: [ app_init ] --START--
INFO: Run Behavior\BuildLiteBehavior [ RunTime:0.000010s ]
INFO: [ app_init ] --END-- [ RunTime:0.000423s ]
INFO: [ app_begin ] --START--
INFO: Run Behavior\ReadHtmlCacheBehavior [ RunTime:0.000463s ]
INFO: [ app_begin ] --END-- [ RunTime:0.000500s ]
INFO: [ view_parse ] --START--
INFO: [ template_filter ] --START--
INFO: Run Behavior\ContentReplaceBehavior [ RunTime:0.000047s ]
INFO: [ template_filter ] --END-- [ RunTime:0.000090s ]
INFO: Run Behavior\ParseTemplateBehavior [ RunTime:0.005241s ]
INFO: [ view_parse ] --END-- [ RunTime:0.005285s ]
INFO: [ view_filter ] --START--
INFO: Run Behavior\WriteHtmlCacheBehavior [ RunTime:0.000421s ]
INFO: [ view_filter ] --END-- [ RunTime:0.000454s ]
INFO: [ app_end ] --START--
INFO: Run Behavior\ShowPageTraceBehavior [ RunTime:0.000605s ]
INFO: [ app_end ] --END-- [ RunTime:0.000638s ]

[ 2016-05-03T10:42:51+08:00 ] ::1 /505/index.php/home/index/login.html
INFO: [ app_init ] --START--
INFO: Run Behavior\BuildLiteBehavior [ RunTime:0.000011s ]
INFO: [ app_init ] --END-- [ RunTime:0.000480s ]
INFO: [ app_begin ] --START--
INFO: Run Behavior\ReadHtmlCacheBehavior [ RunTime:0.000513s ]
INFO: [ app_begin ] --END-- [ RunTime:0.000552s ]
INFO: [ view_parse ] --START--
INFO: [ template_filter ] --START--
INFO: Run Behavior\ContentReplaceBehavior [ RunTime:0.000109s ]
INFO: [ template_filter ] --END-- [ RunTime:0.000247s ]
INFO: Run Behavior\ParseTemplateBehavior [ RunTime:0.007982s ]
INFO: [ view_parse ] --END-- [ RunTime:0.008102s ]
INFO: [ view_filter ] --START--
INFO: Run Behavior\WriteHtmlCacheBehavior [ RunTime:0.001068s ]
INFO: [ view_filter ] --END-- [ RunTime:0.001167s ]
SQL: SHOW COLUMNS FROM `users` [ RunTime:0.0090s ]
SQL: SELECT * FROM `users` WHERE ( account="1111" and password="e10adc3949ba59abbe56e057f20f883e" )  [ RunTime:0.0033s ]
INFO: [ view_parse ] --START--
INFO: [ template_filter ] --START--
INFO: Run Behavior\ContentReplaceBehavior [ RunTime:0.000023s ]
INFO: [ template_filter ] --END-- [ RunTime:-0.052574s ]
INFO: Run Behavior\ParseTemplateBehavior [ RunTime:0.001846s ]
INFO: [ view_parse ] --END-- [ RunTime:-0.049208s ]
INFO: [ view_filter ] --START--
INFO: Run Behavior\WriteHtmlCacheBehavior [ RunTime:0.000007s ]
INFO: [ view_filter ] --END-- [ RunTime:-0.049906s ]
NOTIC: [2] Cannot modify header information - headers already sent by (output started at F:\php\httpd-2.4.20-win64-VC14\Apache24\htdocs\505\thinkphp\Library\Think\View.class.php:107) F:\php\httpd-2.4.20-win64-VC14\Apache24\htdocs\505\thinkphp\Library\Think\View.class.php 第 103 行.
NOTIC: [2] Cannot modify header information - headers already sent by (output started at F:\php\httpd-2.4.20-win64-VC14\Apache24\htdocs\505\thinkphp\Library\Think\View.class.php:107) F:\php\httpd-2.4.20-win64-VC14\Apache24\htdocs\505\thinkphp\Library\Think\View.class.php 第 104 行.
NOTIC: [2] Cannot modify header information - headers already sent by (output started at F:\php\httpd-2.4.20-win64-VC14\Apache24\htdocs\505\thinkphp\Library\Think\View.class.php:107) F:\php\httpd-2.4.20-win64-VC14\Apache24\htdocs\505\thinkphp\Library\Think\View.class.php 第 105 行.
INFO: [ app_end ] --START--
INFO: Run Behavior\ShowPageTraceBehavior [ RunTime:0.000666s ]
INFO: [ app_end ] --END-- [ RunTime:0.000696s ]

[ 2016-05-03T10:42:52+08:00 ] ::1 /505/index.php/home/Index/homepage.html
INFO: [ app_init ] --START--
INFO: Run Behavior\BuildLiteBehavior [ RunTime:0.000010s ]
INFO: [ app_init ] --END-- [ RunTime:0.000473s ]
INFO: [ app_begin ] --START--
INFO: Run Behavior\ReadHtmlCacheBehavior [ RunTime:0.000523s ]
INFO: [ app_begin ] --END-- [ RunTime:0.000559s ]
SQL: SHOW COLUMNS FROM `goods` [ RunTime:0.0036s ]
SQL: SELECT * FROM `goods` LIMIT 3   [ RunTime:0.0077s ]
SQL: SELECT * FROM `goods`  [ RunTime:0.0263s ]
INFO: [ view_parse ] --START--
INFO: [ template_filter ] --START--
INFO: Run Behavior\ContentReplaceBehavior [ RunTime:0.000053s ]
INFO: [ template_filter ] --END-- [ RunTime:0.000087s ]
INFO: Run Behavior\ParseTemplateBehavior [ RunTime:0.006576s ]
INFO: [ view_parse ] --END-- [ RunTime:0.006615s ]
INFO: [ view_filter ] --START--
INFO: Run Behavior\WriteHtmlCacheBehavior [ RunTime:0.000466s ]
INFO: [ view_filter ] --END-- [ RunTime:0.000496s ]
INFO: [ app_end ] --START--
INFO: Run Behavior\ShowPageTraceBehavior [ RunTime:0.000664s ]
INFO: [ app_end ] --END-- [ RunTime:0.000696s ]

[ 2016-05-03T10:45:16+08:00 ] ::1 /505/index.php/home/Index/homepage.html
INFO: [ app_init ] --START--
INFO: Run Behavior\BuildLiteBehavior [ RunTime:0.000012s ]
INFO: [ app_init ] --END-- [ RunTime:0.000454s ]
INFO: [ app_begin ] --START--
INFO: Run Behavior\ReadHtmlCacheBehavior [ RunTime:0.000567s ]
INFO: [ app_begin ] --END-- [ RunTime:0.000603s ]
SQL: SHOW COLUMNS FROM `goods` [ RunTime:0.0036s ]
SQL: SELECT * FROM `goods` LIMIT 3   [ RunTime:0.0035s ]
SQL: SELECT * FROM `goods`  [ RunTime:0.0077s ]
INFO: [ view_parse ] --START--
INFO: [ template_filter ] --START--
INFO: Run Behavior\ContentReplaceBehavior [ RunTime:0.000057s ]
INFO: [ template_filter ] --END-- [ RunTime:0.000098s ]
INFO: Run Behavior\ParseTemplateBehavior [ RunTime:0.006723s ]
INFO: [ view_parse ] --END-- [ RunTime:0.006761s ]
INFO: [ view_filter ] --START--
INFO: Run Behavior\WriteHtmlCacheBehavior [ RunTime:0.000508s ]
INFO: [ view_filter ] --END-- [ RunTime:0.000539s ]
INFO: [ app_end ] --START--
INFO: Run Behavior\ShowPageTraceBehavior [ RunTime:0.000663s ]
INFO: [ app_end ] --END-- [ RunTime:0.000695s ]

[ 2016-05-03T10:46:05+08:00 ] ::1 /505/index.php/home/Index/homepage.html
INFO: [ app_init ] --START--
INFO: Run Behavior\BuildLiteBehavior [ RunTime:0.000015s ]
INFO: [ app_init ] --END-- [ RunTime:0.000511s ]
INFO: [ app_begin ] --START--
INFO: Run Behavior\ReadHtmlCacheBehavior [ RunTime:0.000574s ]
INFO: [ app_begin ] --END-- [ RunTime:0.000624s ]
SQL: SHOW COLUMNS FROM `goods` [ RunTime:0.0038s ]
SQL: SELECT * FROM `goods` LIMIT 3   [ RunTime:0.0028s ]
SQL: SELECT * FROM `goods`  [ RunTime:0.0059s ]
INFO: [ view_parse ] --START--
INFO: [ template_filter ] --START--
INFO: Run Behavior\ContentReplaceBehavior [ RunTime:0.000052s ]
INFO: [ template_filter ] --END-- [ RunTime:0.000086s ]
INFO: Run Behavior\ParseTemplateBehavior [ RunTime:0.006714s ]
INFO: [ view_parse ] --END-- [ RunTime:0.006760s ]
INFO: [ view_filter ] --START--
INFO: Run Behavior\WriteHtmlCacheBehavior [ RunTime:0.000507s ]
INFO: [ view_filter ] --END-- [ RunTime:0.000541s ]
INFO: [ app_end ] --START--
INFO: Run Behavior\ShowPageTraceBehavior [ RunTime:0.000713s ]
INFO: [ app_end ] --END-- [ RunTime:0.000745s ]

[ 2016-05-03T10:46:21+08:00 ] ::1 /505/index.php/home/Index/details.html?goodsid=3
INFO: [ app_init ] --START--
INFO: Run Behavior\BuildLiteBehavior [ RunTime:0.000018s ]
INFO: [ app_init ] --END-- [ RunTime:0.000745s ]
INFO: [ app_begin ] --START--
INFO: Run Behavior\ReadHtmlCacheBehavior [ RunTime:0.000987s ]
INFO: [ app_begin ] --END-- [ RunTime:0.001084s ]
SQL: SHOW COLUMNS FROM `goods` [ RunTime:0.0035s ]
SQL: SELECT * FROM `goods` WHERE ( goods.id=3 )  [ RunTime:0.0032s ]
SQL: SHOW COLUMNS FROM `goodstype` [ RunTime:0.0053s ]
SQL: SELECT goodstype.goodsid AS goodsid,goodstype.color AS color FROM goodstype goodstype WHERE ( goodsid=3 ) GROUP BY goodstype.color  [ RunTime:0.0065s ]
SQL: SELECT goodstype.goodsid AS goodsid,goodstype.size AS size FROM goodstype goodstype WHERE ( goodsid=3 ) GROUP BY goodstype.size  [ RunTime:0.0027s ]
INFO: [ view_parse ] --START--
INFO: [ template_filter ] --START--
INFO: Run Behavior\ContentReplaceBehavior [ RunTime:0.000057s ]
INFO: [ template_filter ] --END-- [ RunTime:0.000099s ]
INFO: Run Behavior\ParseTemplateBehavior [ RunTime:0.055196s ]
INFO: [ view_parse ] --END-- [ RunTime:0.055312s ]
INFO: [ view_filter ] --START--
INFO: Run Behavior\WriteHtmlCacheBehavior [ RunTime:0.000700s ]
INFO: [ view_filter ] --END-- [ RunTime:0.000761s ]
INFO: [ app_end ] --START--
INFO: Run Behavior\ShowPageTraceBehavior [ RunTime:0.000698s ]
INFO: [ app_end ] --END-- [ RunTime:0.000733s ]

[ 2016-05-03T10:46:21+08:00 ] ::1 /505/index.php/home/index/goodsajax.html
INFO: [ app_init ] --START--
INFO: Run Behavior\BuildLiteBehavior [ RunTime:0.000036s ]
INFO: [ app_init ] --END-- [ RunTime:0.000450s ]
INFO: [ app_begin ] --START--
INFO: Run Behavior\ReadHtmlCacheBehavior [ RunTime:0.000656s ]
INFO: [ app_begin ] --END-- [ RunTime:0.000702s ]
SQL: SHOW COLUMNS FROM `goods` [ RunTime:0.0062s ]
SQL: SHOW COLUMNS FROM `goodstype` [ RunTime:0.0057s ]
SQL: SHOW COLUMNS FROM `goodsclassify` [ RunTime:0.0039s ]
SQL: SELECT goods.id AS id,goods.classifyid AS classifyid,goods.name AS name,goods.image AS image,goods.price AS price,goods.addtime AS addtime,goods.detail AS detail,goodstype.id AS type_id,goodstype.color AS color,goodstype.size AS size,goodstype.goodsleft AS goodsleft,goodsclassify.classifyname AS classifyname FROM goods goods  JOIN goodstype goodstype ON goods.id=goodstype.goodsid  JOIN goodsclassify goodsclassify ON goods.classifyid=goodsclassify.id WHERE ( name="冰箱" ) LIMIT 1   [ RunTime:0.0043s ]

[ 2016-05-03T10:46:30+08:00 ] ::1 /505/index.php/home/Index/homepage.html
INFO: [ app_init ] --START--
INFO: Run Behavior\BuildLiteBehavior [ RunTime:0.000048s ]
INFO: [ app_init ] --END-- [ RunTime:0.001031s ]
INFO: [ app_begin ] --START--
INFO: Run Behavior\ReadHtmlCacheBehavior [ RunTime:0.001395s ]
INFO: [ app_begin ] --END-- [ RunTime:0.001512s ]
SQL: SHOW COLUMNS FROM `goods` [ RunTime:0.0034s ]
SQL: SELECT * FROM `goods` LIMIT 3   [ RunTime:0.0029s ]
SQL: SELECT * FROM `goods`  [ RunTime:0.0060s ]
INFO: [ view_parse ] --START--
INFO: [ template_filter ] --START--
INFO: Run Behavior\ContentReplaceBehavior [ RunTime:0.000053s ]
INFO: [ template_filter ] --END-- [ RunTime:0.000086s ]
INFO: Run Behavior\ParseTemplateBehavior [ RunTime:0.006943s ]
INFO: [ view_parse ] --END-- [ RunTime:0.006995s ]
INFO: [ view_filter ] --START--
INFO: Run Behavior\WriteHtmlCacheBehavior [ RunTime:0.000453s ]
INFO: [ view_filter ] --END-- [ RunTime:0.000483s ]
INFO: [ app_end ] --START--
INFO: Run Behavior\ShowPageTraceBehavior [ RunTime:0.000694s ]
INFO: [ app_end ] --END-- [ RunTime:0.000725s ]

[ 2016-05-03T10:53:04+08:00 ] ::1 /505/index.php/home/Index/homepage.html
INFO: [ app_init ] --START--
INFO: Run Behavior\BuildLiteBehavior [ RunTime:0.000013s ]
INFO: [ app_init ] --END-- [ RunTime:0.000703s ]
INFO: [ app_begin ] --START--
INFO: Run Behavior\ReadHtmlCacheBehavior [ RunTime:0.000763s ]
INFO: [ app_begin ] --END-- [ RunTime:0.000827s ]
SQL: SHOW COLUMNS FROM `goods` [ RunTime:0.0035s ]
SQL: SELECT * FROM `goods` LIMIT 3   [ RunTime:0.0028s ]
SQL: SELECT * FROM `goods`  [ RunTime:0.0029s ]
INFO: [ view_parse ] --START--
INFO: [ template_filter ] --START--
INFO: Run Behavior\ContentReplaceBehavior [ RunTime:0.000044s ]
INFO: [ template_filter ] --END-- [ RunTime:0.000069s ]
INFO: Run Behavior\ParseTemplateBehavior [ RunTime:0.005373s ]
INFO: [ view_parse ] --END-- [ RunTime:0.005406s ]
INFO: [ view_filter ] --START--
INFO: Run Behavior\WriteHtmlCacheBehavior [ RunTime:0.000395s ]
INFO: [ view_filter ] --END-- [ RunTime:0.000418s ]
INFO: [ app_end ] --START--
INFO: Run Behavior\ShowPageTraceBehavior [ RunTime:0.000444s ]
INFO: [ app_end ] --END-- [ RunTime:0.000468s ]

[ 2016-05-03T10:54:08+08:00 ] ::1 /505/index.php/home/Index/homepage.html
INFO: [ app_init ] --START--
INFO: Run Behavior\BuildLiteBehavior [ RunTime:0.000013s ]
INFO: [ app_init ] --END-- [ RunTime:0.000445s ]
INFO: [ app_begin ] --START--
INFO: Run Behavior\ReadHtmlCacheBehavior [ RunTime:0.000842s ]
INFO: [ app_begin ] --END-- [ RunTime:0.000931s ]
SQL: SHOW COLUMNS FROM `goods` [ RunTime:0.0033s ]
SQL: SELECT * FROM `goods` LIMIT 3   [ RunTime:0.0034s ]
SQL: SELECT * FROM `goods`  [ RunTime:0.0142s ]
INFO: [ view_parse ] --START--
INFO: [ template_filter ] --START--
INFO: Run Behavior\ContentReplaceBehavior [ RunTime:0.000055s ]
INFO: [ template_filter ] --END-- [ RunTime:0.000093s ]
INFO: Run Behavior\ParseTemplateBehavior [ RunTime:0.006594s ]
INFO: [ view_parse ] --END-- [ RunTime:0.006639s ]
INFO: [ view_filter ] --START--
INFO: Run Behavior\WriteHtmlCacheBehavior [ RunTime:0.000509s ]
INFO: [ view_filter ] --END-- [ RunTime:0.000541s ]
INFO: [ app_end ] --START--
INFO: Run Behavior\ShowPageTraceBehavior [ RunTime:0.001476s ]
INFO: [ app_end ] --END-- [ RunTime:0.001555s ]

[ 2016-05-03T10:55:00+08:00 ] ::1 /505/index.php/home/Index/details.html?goodsid=1
INFO: [ app_init ] --START--
INFO: Run Behavior\BuildLiteBehavior [ RunTime:0.000012s ]
INFO: [ app_init ] --END-- [ RunTime:0.000505s ]
INFO: [ app_begin ] --START--
INFO: Run Behavior\ReadHtmlCacheBehavior [ RunTime:0.000545s ]
INFO: [ app_begin ] --END-- [ RunTime:0.000580s ]
SQL: SHOW COLUMNS FROM `goods` [ RunTime:0.0041s ]
SQL: SELECT * FROM `goods` WHERE ( goods.id=1 )  [ RunTime:0.0026s ]
SQL: SHOW COLUMNS FROM `goodstype` [ RunTime:0.0031s ]
SQL: SELECT goodstype.goodsid AS goodsid,goodstype.color AS color FROM goodstype goodstype WHERE ( goodsid=1 ) GROUP BY goodstype.color  [ RunTime:0.0029s ]
SQL: SELECT goodstype.goodsid AS goodsid,goodstype.size AS size FROM goodstype goodstype WHERE ( goodsid=1 ) GROUP BY goodstype.size  [ RunTime:0.0028s ]
INFO: [ view_parse ] --START--
INFO: [ template_filter ] --START--
INFO: Run Behavior\ContentReplaceBehavior [ RunTime:0.000051s ]
INFO: [ template_filter ] --END-- [ RunTime:0.000087s ]
NOTIC: [8] Undefined index: checked F:\php\httpd-2.4.20-win64-VC14\Apache24\htdocs\505\App\Runtime\Cache\Home\5308919e95d525ba3fa66120af3a38da.php 第 42 行.
INFO: Run Behavior\ParseTemplateBehavior [ RunTime:0.006719s ]
INFO: [ view_parse ] --END-- [ RunTime:0.006751s ]
INFO: [ view_filter ] --START--
INFO: Run Behavior\WriteHtmlCacheBehavior [ RunTime:0.000470s ]
INFO: [ view_filter ] --END-- [ RunTime:0.000502s ]
INFO: [ app_end ] --START--
INFO: Run Behavior\ShowPageTraceBehavior [ RunTime:0.000952s ]
INFO: [ app_end ] --END-- [ RunTime:0.000987s ]

[ 2016-05-03T10:55:00+08:00 ] ::1 /505/index.php/home/index/goodsajax.html
INFO: [ app_init ] --START--
INFO: Run Behavior\BuildLiteBehavior [ RunTime:0.000011s ]
INFO: [ app_init ] --END-- [ RunTime:0.000431s ]
INFO: [ app_begin ] --START--
INFO: Run Behavior\ReadHtmlCacheBehavior [ RunTime:0.000462s ]
INFO: [ app_begin ] --END-- [ RunTime:0.000493s ]
SQL: SHOW COLUMNS FROM `goods` [ RunTime:0.0048s ]
SQL: SHOW COLUMNS FROM `goodstype` [ RunTime:0.0101s ]
SQL: SHOW COLUMNS FROM `goodsclassify` [ RunTime:0.0055s ]
SQL: SELECT goods.id AS id,goods.classifyid AS classifyid,goods.name AS name,goods.image AS image,goods.price AS price,goods.addtime AS addtime,goods.detail AS detail,goodstype.id AS type_id,goodstype.color AS color,goodstype.size AS size,goodstype.goodsleft AS goodsleft,goodsclassify.classifyname AS classifyname FROM goods goods  JOIN goodstype goodstype ON goods.id=goodstype.goodsid  JOIN goodsclassify goodsclassify ON goods.classifyid=goodsclassify.id WHERE ( name="卫衣" and color="红" and size="12" ) LIMIT 1   [ RunTime:0.0036s ]

[ 2016-05-03T10:56:44+08:00 ] ::1 /505/index.php/home/Index/details.html?goodsid=1
INFO: [ app_init ] --START--
INFO: Run Behavior\BuildLiteBehavior [ RunTime:0.000010s ]
INFO: [ app_init ] --END-- [ RunTime:0.000337s ]
INFO: [ app_begin ] --START--
INFO: Run Behavior\ReadHtmlCacheBehavior [ RunTime:0.000410s ]
INFO: [ app_begin ] --END-- [ RunTime:0.000437s ]
SQL: SHOW COLUMNS FROM `goods` [ RunTime:0.0063s ]
SQL: SELECT * FROM `goods` WHERE ( goods.id=1 )  [ RunTime:0.0030s ]
SQL: SHOW COLUMNS FROM `goodstype` [ RunTime:0.0034s ]
SQL: SELECT goodstype.goodsid AS goodsid,goodstype.color AS color FROM goodstype goodstype WHERE ( goodsid=1 ) GROUP BY goodstype.color  [ RunTime:0.0031s ]
SQL: SELECT goodstype.goodsid AS goodsid,goodstype.size AS size FROM goodstype goodstype WHERE ( goodsid=1 ) GROUP BY goodstype.size  [ RunTime:0.0027s ]
INFO: [ view_parse ] --START--
INFO: [ template_filter ] --START--
INFO: Run Behavior\ContentReplaceBehavior [ RunTime:0.000042s ]
INFO: [ template_filter ] --END-- [ RunTime:0.000070s ]
NOTIC: [8] Undefined index: checked F:\php\httpd-2.4.20-win64-VC14\Apache24\htdocs\505\App\Runtime\Cache\Home\5308919e95d525ba3fa66120af3a38da.php 第 42 行.
INFO: Run Behavior\ParseTemplateBehavior [ RunTime:0.005446s ]
INFO: [ view_parse ] --END-- [ RunTime:0.005477s ]
INFO: [ view_filter ] --START--
INFO: Run Behavior\WriteHtmlCacheBehavior [ RunTime:0.000383s ]
INFO: [ view_filter ] --END-- [ RunTime:0.000407s ]
INFO: [ app_end ] --START--
INFO: Run Behavior\ShowPageTraceBehavior [ RunTime:0.000513s ]
INFO: [ app_end ] --END-- [ RunTime:0.000537s ]

[ 2016-05-03T10:56:45+08:00 ] ::1 /505/index.php/home/index/goodsajax.html
INFO: [ app_init ] --START--
INFO: Run Behavior\BuildLiteBehavior [ RunTime:0.000031s ]
INFO: [ app_init ] --END-- [ RunTime:0.001057s ]
INFO: [ app_begin ] --START--
INFO: Run Behavior\ReadHtmlCacheBehavior [ RunTime:0.001105s ]
INFO: [ app_begin ] --END-- [ RunTime:0.001215s ]
SQL: SHOW COLUMNS FROM `goods` [ RunTime:0.0037s ]
SQL: SHOW COLUMNS FROM `goodstype` [ RunTime:0.0032s ]
SQL: SHOW COLUMNS FROM `goodsclassify` [ RunTime:0.0035s ]
SQL: SELECT goods.id AS id,goods.classifyid AS classifyid,goods.name AS name,goods.image AS image,goods.price AS price,goods.addtime AS addtime,goods.detail AS detail,goodstype.id AS type_id,goodstype.color AS color,goodstype.size AS size,goodstype.goodsleft AS goodsleft,goodsclassify.classifyname AS classifyname FROM goods goods  JOIN goodstype goodstype ON goods.id=goodstype.goodsid  JOIN goodsclassify goodsclassify ON goods.classifyid=goodsclassify.id WHERE ( name="卫衣" and color="红" and size="12" ) LIMIT 1   [ RunTime:0.0032s ]

[ 2016-05-03T10:56:47+08:00 ] ::1 /505/index.php/home/Index/chart.html
INFO: [ app_init ] --START--
INFO: Run Behavior\BuildLiteBehavior [ RunTime:0.000044s ]
INFO: [ app_init ] --END-- [ RunTime:0.000943s ]
INFO: [ app_begin ] --START--
INFO: Run Behavior\ReadHtmlCacheBehavior [ RunTime:0.000606s ]
INFO: [ app_begin ] --END-- [ RunTime:0.000660s ]
SQL: SHOW COLUMNS FROM `users` [ RunTime:0.0031s ]
SQL: SELECT `id` FROM `users` WHERE ( account=1111 ) LIMIT 1   [ RunTime:0.0040s ]
SQL: SHOW COLUMNS FROM `cart` [ RunTime:0.0059s ]
SQL: SHOW COLUMNS FROM `goodstype` [ RunTime:0.0059s ]
SQL: SHOW COLUMNS FROM `goods` [ RunTime:0.0029s ]
SQL: SELECT cart.id AS id,cart.userid AS userid,cart.goodstypeid AS goodstypeid,cart.goodsnum AS goodsnum,goodstype.id AS type_id,goodstype.color AS color,goodstype.size AS size,goods.name AS name,goods.image AS image,goods.price AS price FROM cart cart  JOIN goodstype goodstype ON cart.goodstypeid=goodstype.id  JOIN goods goods ON goodstype.goodsid=goods.id WHERE ( userid=1 )  [ RunTime:0.0030s ]
SQL: SELECT goods.price AS price FROM cart cart  JOIN goodstype goodstype ON cart.goodstypeid=goodstype.id  JOIN goods goods ON goodstype.goodsid=goods.id WHERE ( userid=1 )  [ RunTime:0.0025s ]
INFO: [ view_parse ] --START--
INFO: [ template_filter ] --START--
INFO: Run Behavior\ContentReplaceBehavior [ RunTime:0.000035s ]
INFO: [ template_filter ] --END-- [ RunTime:0.000067s ]
INFO: Run Behavior\ParseTemplateBehavior [ RunTime:0.005945s ]
INFO: [ view_parse ] --END-- [ RunTime:0.005983s ]
INFO: [ view_filter ] --START--
INFO: Run Behavior\WriteHtmlCacheBehavior [ RunTime:0.000325s ]
INFO: [ view_filter ] --END-- [ RunTime:0.000347s ]
INFO: [ app_end ] --START--
INFO: Run Behavior\ShowPageTraceBehavior [ RunTime:0.000455s ]
INFO: [ app_end ] --END-- [ RunTime:0.000478s ]

[ 2016-05-03T10:56:49+08:00 ] ::1 /505/index.php/home/Index/people.html
INFO: [ app_init ] --START--
INFO: Run Behavior\BuildLiteBehavior [ RunTime:0.000012s ]
INFO: [ app_init ] --END-- [ RunTime:0.000431s ]
INFO: [ app_begin ] --START--
INFO: Run Behavior\ReadHtmlCacheBehavior [ RunTime:0.000739s ]
INFO: [ app_begin ] --END-- [ RunTime:0.000803s ]
SQL: SHOW COLUMNS FROM `users` [ RunTime:0.0035s ]
SQL: SELECT `id` FROM `users` WHERE ( account=1111 ) LIMIT 1   [ RunTime:0.0024s ]
SQL: SHOW COLUMNS FROM `orders` [ RunTime:0.0034s ]
SQL: SHOW COLUMNS FROM `goodstype` [ RunTime:0.0035s ]
SQL: SHOW COLUMNS FROM `goods` [ RunTime:0.0031s ]
SQL: SELECT orders.userid AS userid,orders.goodsnum AS goodsnum,orders.totalprice AS totalprice,orders.state AS state,goodstype.color AS color,goodstype.size AS size,goods.name AS name,goods.image AS image FROM orders orders  JOIN goodstype goodstype ON orders.goodstypeid=goodstype.id  JOIN goods goods ON goodstype.goodsid=goods.id WHERE ( userid=1 )  [ RunTime:0.0049s ]
INFO: [ view_parse ] --START--
INFO: [ template_filter ] --START--
INFO: Run Behavior\ContentReplaceBehavior [ RunTime:0.000045s ]
INFO: [ template_filter ] --END-- [ RunTime:0.000082s ]
NOTIC: [8] Undefined variable: state F:\php\httpd-2.4.20-win64-VC14\Apache24\htdocs\505\App\Runtime\Cache\Home\e626457c1a2104abca8a821919101aa8.php 第 25 行.
INFO: Run Behavior\ParseTemplateBehavior [ RunTime:0.006095s ]
INFO: [ view_parse ] --END-- [ RunTime:0.006126s ]
INFO: [ view_filter ] --START--
INFO: Run Behavior\WriteHtmlCacheBehavior [ RunTime:0.000491s ]
INFO: [ view_filter ] --END-- [ RunTime:0.000521s ]
INFO: [ app_end ] --START--
INFO: Run Behavior\ShowPageTraceBehavior [ RunTime:0.000672s ]
INFO: [ app_end ] --END-- [ RunTime:0.000703s ]

[ 2016-05-03T10:58:26+08:00 ] ::1 /505/index.php/home/Index/people.html
INFO: [ app_init ] --START--
INFO: Run Behavior\BuildLiteBehavior [ RunTime:0.000045s ]
INFO: [ app_init ] --END-- [ RunTime:0.000664s ]
INFO: [ app_begin ] --START--
INFO: Run Behavior\ReadHtmlCacheBehavior [ RunTime:0.000509s ]
INFO: [ app_begin ] --END-- [ RunTime:0.000575s ]
SQL: SHOW COLUMNS FROM `users` [ RunTime:0.0036s ]
SQL: SELECT `id` FROM `users` WHERE ( account=1111 ) LIMIT 1   [ RunTime:0.0139s ]
SQL: SHOW COLUMNS FROM `orders` [ RunTime:0.0041s ]
SQL: SHOW COLUMNS FROM `goodstype` [ RunTime:0.0039s ]
SQL: SHOW COLUMNS FROM `goods` [ RunTime:0.0031s ]
SQL: SELECT orders.userid AS userid,orders.goodsnum AS goodsnum,orders.totalprice AS totalprice,orders.state AS state,goodstype.color AS color,goodstype.size AS size,goods.name AS name,goods.image AS image FROM orders orders  JOIN goodstype goodstype ON orders.goodstypeid=goodstype.id  JOIN goods goods ON goodstype.goodsid=goods.id WHERE ( userid=1 )  [ RunTime:0.0044s ]
INFO: [ view_parse ] --START--
INFO: [ template_filter ] --START--
INFO: Run Behavior\ContentReplaceBehavior [ RunTime:0.000046s ]
INFO: [ template_filter ] --END-- [ RunTime:0.000085s ]
NOTIC: [8] Undefined variable: state F:\php\httpd-2.4.20-win64-VC14\Apache24\htdocs\505\App\Runtime\Cache\Home\e626457c1a2104abca8a821919101aa8.php 第 25 行.
INFO: Run Behavior\ParseTemplateBehavior [ RunTime:0.006042s ]
INFO: [ view_parse ] --END-- [ RunTime:0.006074s ]
INFO: [ view_filter ] --START--
INFO: Run Behavior\WriteHtmlCacheBehavior [ RunTime:0.000510s ]
INFO: [ view_filter ] --END-- [ RunTime:0.000542s ]
INFO: [ app_end ] --START--
INFO: Run Behavior\ShowPageTraceBehavior [ RunTime:0.000668s ]
INFO: [ app_end ] --END-- [ RunTime:0.000702s ]

[ 2016-05-03T10:58:30+08:00 ] ::1 /505/index.php/home/Index/people.html?state=1
INFO: [ app_init ] --START--
INFO: Run Behavior\BuildLiteBehavior [ RunTime:0.000032s ]
INFO: [ app_init ] --END-- [ RunTime:0.001079s ]
INFO: [ app_begin ] --START--
INFO: Run Behavior\ReadHtmlCacheBehavior [ RunTime:0.000653s ]
INFO: [ app_begin ] --END-- [ RunTime:0.000691s ]
SQL: SHOW COLUMNS FROM `users` [ RunTime:0.0032s ]
SQL: SELECT `id` FROM `users` WHERE ( account=1111 ) LIMIT 1   [ RunTime:0.0103s ]
SQL: SHOW COLUMNS FROM `orders` [ RunTime:0.0077s ]
SQL: SHOW COLUMNS FROM `goodstype` [ RunTime:0.0039s ]
SQL: SHOW COLUMNS FROM `goods` [ RunTime:0.0031s ]
SQL: SELECT orders.userid AS userid,orders.goodsnum AS goodsnum,orders.totalprice AS totalprice,orders.state AS state,goodstype.color AS color,goodstype.size AS size,goods.name AS name,goods.image AS image FROM orders orders  JOIN goodstype goodstype ON orders.goodstypeid=goodstype.id  JOIN goods goods ON goodstype.goodsid=goods.id WHERE ( userid=1 and state=1 )  [ RunTime:0.0034s ]
INFO: [ view_parse ] --START--
INFO: [ template_filter ] --START--
INFO: Run Behavior\ContentReplaceBehavior [ RunTime:0.000044s ]
INFO: [ template_filter ] --END-- [ RunTime:0.000076s ]
INFO: Run Behavior\ParseTemplateBehavior [ RunTime:0.005808s ]
INFO: [ view_parse ] --END-- [ RunTime:0.005846s ]
INFO: [ view_filter ] --START--
INFO: Run Behavior\WriteHtmlCacheBehavior [ RunTime:0.000446s ]
INFO: [ view_filter ] --END-- [ RunTime:0.000479s ]
INFO: [ app_end ] --START--
INFO: Run Behavior\ShowPageTraceBehavior [ RunTime:0.000705s ]
INFO: [ app_end ] --END-- [ RunTime:0.000737s ]

[ 2016-05-03T10:58:31+08:00 ] ::1 /505/index.php/home/Index/people.html?state=2
INFO: [ app_init ] --START--
INFO: Run Behavior\BuildLiteBehavior [ RunTime:0.000011s ]
INFO: [ app_init ] --END-- [ RunTime:0.000427s ]
INFO: [ app_begin ] --START--
INFO: Run Behavior\ReadHtmlCacheBehavior [ RunTime:0.000485s ]
INFO: [ app_begin ] --END-- [ RunTime:0.000521s ]
SQL: SHOW COLUMNS FROM `users` [ RunTime:0.0060s ]
SQL: SELECT `id` FROM `users` WHERE ( account=1111 ) LIMIT 1   [ RunTime:0.0024s ]
SQL: SHOW COLUMNS FROM `orders` [ RunTime:0.0028s ]
SQL: SHOW COLUMNS FROM `goodstype` [ RunTime:0.0032s ]
SQL: SHOW COLUMNS FROM `goods` [ RunTime:0.0028s ]
SQL: SELECT orders.userid AS userid,orders.goodsnum AS goodsnum,orders.totalprice AS totalprice,orders.state AS state,goodstype.color AS color,goodstype.size AS size,goods.name AS name,goods.image AS image FROM orders orders  JOIN goodstype goodstype ON orders.goodstypeid=goodstype.id  JOIN goods goods ON goodstype.goodsid=goods.id WHERE ( userid=1 and state=2 )  [ RunTime:0.0028s ]
INFO: [ view_parse ] --START--
INFO: [ template_filter ] --START--
INFO: Run Behavior\ContentReplaceBehavior [ RunTime:0.000045s ]
INFO: [ template_filter ] --END-- [ RunTime:0.000079s ]
INFO: Run Behavior\ParseTemplateBehavior [ RunTime:0.006074s ]
INFO: [ view_parse ] --END-- [ RunTime:0.006111s ]
INFO: [ view_filter ] --START--
INFO: Run Behavior\WriteHtmlCacheBehavior [ RunTime:0.000514s ]
INFO: [ view_filter ] --END-- [ RunTime:0.000547s ]
INFO: [ app_end ] --START--
INFO: Run Behavior\ShowPageTraceBehavior [ RunTime:0.000629s ]
INFO: [ app_end ] --END-- [ RunTime:0.000662s ]

[ 2016-05-03T10:58:32+08:00 ] ::1 /505/index.php/home/Index/people.html?state=1
INFO: [ app_init ] --START--
INFO: Run Behavior\BuildLiteBehavior [ RunTime:0.000015s ]
INFO: [ app_init ] --END-- [ RunTime:0.000437s ]
INFO: [ app_begin ] --START--
INFO: Run Behavior\ReadHtmlCacheBehavior [ RunTime:0.000476s ]
INFO: [ app_begin ] --END-- [ RunTime:0.000526s ]
SQL: SHOW COLUMNS FROM `users` [ RunTime:0.0050s ]
SQL: SELECT `id` FROM `users` WHERE ( account=1111 ) LIMIT 1   [ RunTime:0.0023s ]
SQL: SHOW COLUMNS FROM `orders` [ RunTime:0.0028s ]
SQL: SHOW COLUMNS FROM `goodstype` [ RunTime:0.0026s ]
SQL: SHOW COLUMNS FROM `goods` [ RunTime:0.0028s ]
SQL: SELECT orders.userid AS userid,orders.goodsnum AS goodsnum,orders.totalprice AS totalprice,orders.state AS state,goodstype.color AS color,goodstype.size AS size,goods.name AS name,goods.image AS image FROM orders orders  JOIN goodstype goodstype ON orders.goodstypeid=goodstype.id  JOIN goods goods ON goodstype.goodsid=goods.id WHERE ( userid=1 and state=1 )  [ RunTime:0.0048s ]
INFO: [ view_parse ] --START--
INFO: [ template_filter ] --START--
INFO: Run Behavior\ContentReplaceBehavior [ RunTime:0.000035s ]
INFO: [ template_filter ] --END-- [ RunTime:0.000067s ]
INFO: Run Behavior\ParseTemplateBehavior [ RunTime:0.005450s ]
INFO: [ view_parse ] --END-- [ RunTime:0.005493s ]
INFO: [ view_filter ] --START--
INFO: Run Behavior\WriteHtmlCacheBehavior [ RunTime:0.000386s ]
INFO: [ view_filter ] --END-- [ RunTime:0.000416s ]
INFO: [ app_end ] --START--
INFO: Run Behavior\ShowPageTraceBehavior [ RunTime:0.000518s ]
INFO: [ app_end ] --END-- [ RunTime:0.000549s ]

[ 2016-05-03T10:58:32+08:00 ] ::1 /505/index.php/home/Index/people.html?state=2
INFO: [ app_init ] --START--
INFO: Run Behavior\BuildLiteBehavior [ RunTime:0.000011s ]
INFO: [ app_init ] --END-- [ RunTime:0.000429s ]
INFO: [ app_begin ] --START--
INFO: Run Behavior\ReadHtmlCacheBehavior [ RunTime:0.000482s ]
INFO: [ app_begin ] --END-- [ RunTime:0.000523s ]
SQL: SHOW COLUMNS FROM `users` [ RunTime:0.0055s ]
SQL: SELECT `id` FROM `users` WHERE ( account=1111 ) LIMIT 1   [ RunTime:0.0034s ]
SQL: SHOW COLUMNS FROM `orders` [ RunTime:0.0044s ]
SQL: SHOW COLUMNS FROM `goodstype` [ RunTime:0.0035s ]
SQL: SHOW COLUMNS FROM `goods` [ RunTime:0.0048s ]
SQL: SELECT orders.userid AS userid,orders.goodsnum AS goodsnum,orders.totalprice AS totalprice,orders.state AS state,goodstype.color AS color,goodstype.size AS size,goods.name AS name,goods.image AS image FROM orders orders  JOIN goodstype goodstype ON orders.goodstypeid=goodstype.id  JOIN goods goods ON goodstype.goodsid=goods.id WHERE ( userid=1 and state=2 )  [ RunTime:0.0041s ]
INFO: [ view_parse ] --START--
INFO: [ template_filter ] --START--
INFO: Run Behavior\ContentReplaceBehavior [ RunTime:0.000043s ]
INFO: [ template_filter ] --END-- [ RunTime:0.000081s ]
INFO: Run Behavior\ParseTemplateBehavior [ RunTime:0.006100s ]
INFO: [ view_parse ] --END-- [ RunTime:0.006146s ]
INFO: [ view_filter ] --START--
INFO: Run Behavior\WriteHtmlCacheBehavior [ RunTime:0.000447s ]
INFO: [ view_filter ] --END-- [ RunTime:0.000477s ]
INFO: [ app_end ] --START--
INFO: Run Behavior\ShowPageTraceBehavior [ RunTime:0.000579s ]
INFO: [ app_end ] --END-- [ RunTime:0.000606s ]

[ 2016-05-03T10:58:33+08:00 ] ::1 /505/index.php/home/Index/people.html?state=3
INFO: [ app_init ] --START--
INFO: Run Behavior\BuildLiteBehavior [ RunTime:0.000010s ]
INFO: [ app_init ] --END-- [ RunTime:0.000385s ]
INFO: [ app_begin ] --START--
INFO: Run Behavior\ReadHtmlCacheBehavior [ RunTime:0.000452s ]
INFO: [ app_begin ] --END-- [ RunTime:0.000486s ]
SQL: SHOW COLUMNS FROM `users` [ RunTime:0.0034s ]
SQL: SELECT `id` FROM `users` WHERE ( account=1111 ) LIMIT 1   [ RunTime:0.0026s ]
SQL: SHOW COLUMNS FROM `orders` [ RunTime:0.0051s ]
SQL: SHOW COLUMNS FROM `goodstype` [ RunTime:0.0025s ]
SQL: SHOW COLUMNS FROM `goods` [ RunTime:0.0029s ]
SQL: SELECT orders.userid AS userid,orders.goodsnum AS goodsnum,orders.totalprice AS totalprice,orders.state AS state,goodstype.color AS color,goodstype.size AS size,goods.name AS name,goods.image AS image FROM orders orders  JOIN goodstype goodstype ON orders.goodstypeid=goodstype.id  JOIN goods goods ON goodstype.goodsid=goods.id WHERE ( userid=1 and state=3 )  [ RunTime:0.0047s ]
INFO: [ view_parse ] --START--
INFO: [ template_filter ] --START--
INFO: Run Behavior\ContentReplaceBehavior [ RunTime:0.000045s ]
INFO: [ template_filter ] --END-- [ RunTime:0.000083s ]
INFO: Run Behavior\ParseTemplateBehavior [ RunTime:0.006070s ]
INFO: [ view_parse ] --END-- [ RunTime:0.006108s ]
INFO: [ view_filter ] --START--
INFO: Run Behavior\WriteHtmlCacheBehavior [ RunTime:0.000487s ]
INFO: [ view_filter ] --END-- [ RunTime:0.000518s ]
INFO: [ app_end ] --START--
INFO: Run Behavior\ShowPageTraceBehavior [ RunTime:0.000657s ]
INFO: [ app_end ] --END-- [ RunTime:0.000688s ]

[ 2016-05-03T10:58:34+08:00 ] ::1 /505/index.php/home/Index/people.html?state=2
INFO: [ app_init ] --START--
INFO: Run Behavior\BuildLiteBehavior [ RunTime:0.000011s ]
INFO: [ app_init ] --END-- [ RunTime:0.000433s ]
INFO: [ app_begin ] --START--
INFO: Run Behavior\ReadHtmlCacheBehavior [ RunTime:0.000600s ]
INFO: [ app_begin ] --END-- [ RunTime:0.000638s ]
SQL: SHOW COLUMNS FROM `users` [ RunTime:0.0058s ]
SQL: SELECT `id` FROM `users` WHERE ( account=1111 ) LIMIT 1   [ RunTime:0.0026s ]
SQL: SHOW COLUMNS FROM `orders` [ RunTime:0.0049s ]
SQL: SHOW COLUMNS FROM `goodstype` [ RunTime:0.0048s ]
SQL: SHOW COLUMNS FROM `goods` [ RunTime:0.0041s ]
SQL: SELECT orders.userid AS userid,orders.goodsnum AS goodsnum,orders.totalprice AS totalprice,orders.state AS state,goodstype.color AS color,goodstype.size AS size,goods.name AS name,goods.image AS image FROM orders orders  JOIN goodstype goodstype ON orders.goodstypeid=goodstype.id  JOIN goods goods ON goodstype.goodsid=goods.id WHERE ( userid=1 and state=2 )  [ RunTime:0.0038s ]
INFO: [ view_parse ] --START--
INFO: [ template_filter ] --START--
INFO: Run Behavior\ContentReplaceBehavior [ RunTime:0.000037s ]
INFO: [ template_filter ] --END-- [ RunTime:0.000064s ]
INFO: Run Behavior\ParseTemplateBehavior [ RunTime:0.004997s ]
INFO: [ view_parse ] --END-- [ RunTime:0.005035s ]
INFO: [ view_filter ] --START--
INFO: Run Behavior\WriteHtmlCacheBehavior [ RunTime:0.000396s ]
INFO: [ view_filter ] --END-- [ RunTime:0.000420s ]
INFO: [ app_end ] --START--
INFO: Run Behavior\ShowPageTraceBehavior [ RunTime:0.000481s ]
INFO: [ app_end ] --END-- [ RunTime:0.000505s ]

[ 2016-05-03T10:58:34+08:00 ] ::1 /505/index.php/home/Index/people.html?state=1
INFO: [ app_init ] --START--
INFO: Run Behavior\BuildLiteBehavior [ RunTime:0.000008s ]
INFO: [ app_init ] --END-- [ RunTime:0.000315s ]
INFO: [ app_begin ] --START--
INFO: Run Behavior\ReadHtmlCacheBehavior [ RunTime:0.000368s ]
INFO: [ app_begin ] --END-- [ RunTime:0.000394s ]
SQL: SHOW COLUMNS FROM `users` [ RunTime:0.0051s ]
SQL: SELECT `id` FROM `users` WHERE ( account=1111 ) LIMIT 1   [ RunTime:0.0029s ]
SQL: SHOW COLUMNS FROM `orders` [ RunTime:0.0056s ]
SQL: SHOW COLUMNS FROM `goodstype` [ RunTime:0.0029s ]
SQL: SHOW COLUMNS FROM `goods` [ RunTime:0.0031s ]
SQL: SELECT orders.userid AS userid,orders.goodsnum AS goodsnum,orders.totalprice AS totalprice,orders.state AS state,goodstype.color AS color,goodstype.size AS size,goods.name AS name,goods.image AS image FROM orders orders  JOIN goodstype goodstype ON orders.goodstypeid=goodstype.id  JOIN goods goods ON goodstype.goodsid=goods.id WHERE ( userid=1 and state=1 )  [ RunTime:0.0029s ]
INFO: [ view_parse ] --START--
INFO: [ template_filter ] --START--
INFO: Run Behavior\ContentReplaceBehavior [ RunTime:0.000034s ]
INFO: [ template_filter ] --END-- [ RunTime:0.000065s ]
INFO: Run Behavior\ParseTemplateBehavior [ RunTime:0.005030s ]
INFO: [ view_parse ] --END-- [ RunTime:0.005062s ]
INFO: [ view_filter ] --START--
INFO: Run Behavior\WriteHtmlCacheBehavior [ RunTime:0.000418s ]
INFO: [ view_filter ] --END-- [ RunTime:0.000442s ]
INFO: [ app_end ] --START--
INFO: Run Behavior\ShowPageTraceBehavior [ RunTime:0.000490s ]
INFO: [ app_end ] --END-- [ RunTime:0.000513s ]

[ 2016-05-03T10:58:35+08:00 ] ::1 /505/index.php/home/Index/people.html
INFO: [ app_init ] --START--
INFO: Run Behavior\BuildLiteBehavior [ RunTime:0.000036s ]
INFO: [ app_init ] --END-- [ RunTime:0.000440s ]
INFO: [ app_begin ] --START--
INFO: Run Behavior\ReadHtmlCacheBehavior [ RunTime:0.000752s ]
INFO: [ app_begin ] --END-- [ RunTime:0.000878s ]
SQL: SHOW COLUMNS FROM `users` [ RunTime:0.3051s ]
SQL: SELECT `id` FROM `users` WHERE ( account=1111 ) LIMIT 1   [ RunTime:0.0027s ]
SQL: SHOW COLUMNS FROM `orders` [ RunTime:0.0046s ]
SQL: SHOW COLUMNS FROM `goodstype` [ RunTime:0.0032s ]
SQL: SHOW COLUMNS FROM `goods` [ RunTime:0.0033s ]
SQL: SELECT orders.userid AS userid,orders.goodsnum AS goodsnum,orders.totalprice AS totalprice,orders.state AS state,goodstype.color AS color,goodstype.size AS size,goods.name AS name,goods.image AS image FROM orders orders  JOIN goodstype goodstype ON orders.goodstypeid=goodstype.id  JOIN goods goods ON goodstype.goodsid=goods.id WHERE ( userid=1 )  [ RunTime:0.0037s ]
INFO: [ view_parse ] --START--
INFO: [ template_filter ] --START--
INFO: Run Behavior\ContentReplaceBehavior [ RunTime:0.000129s ]
INFO: [ template_filter ] --END-- [ RunTime:0.000241s ]
NOTIC: [8] Undefined variable: state F:\php\httpd-2.4.20-win64-VC14\Apache24\htdocs\505\App\Runtime\Cache\Home\e626457c1a2104abca8a821919101aa8.php 第 25 行.
INFO: Run Behavior\ParseTemplateBehavior [ RunTime:0.019670s ]
INFO: [ view_parse ] --END-- [ RunTime:0.019784s ]
INFO: [ view_filter ] --START--
INFO: Run Behavior\WriteHtmlCacheBehavior [ RunTime:0.001089s ]
INFO: [ view_filter ] --END-- [ RunTime:0.001153s ]
INFO: [ app_end ] --START--
INFO: Run Behavior\ShowPageTraceBehavior [ RunTime:0.001026s ]
INFO: [ app_end ] --END-- [ RunTime:0.001076s ]

[ 2016-05-03T10:58:37+08:00 ] ::1 /505/index.php/home/Index/chart.html
INFO: [ app_init ] --START--
INFO: Run Behavior\BuildLiteBehavior [ RunTime:0.000027s ]
INFO: [ app_init ] --END-- [ RunTime:0.000523s ]
INFO: [ app_begin ] --START--
INFO: Run Behavior\ReadHtmlCacheBehavior [ RunTime:0.000533s ]
INFO: [ app_begin ] --END-- [ RunTime:0.000574s ]
SQL: SHOW COLUMNS FROM `users` [ RunTime:0.0065s ]
SQL: SELECT `id` FROM `users` WHERE ( account=1111 ) LIMIT 1   [ RunTime:0.0067s ]
SQL: SHOW COLUMNS FROM `cart` [ RunTime:0.0031s ]
SQL: SHOW COLUMNS FROM `goodstype` [ RunTime:0.0032s ]
SQL: SHOW COLUMNS FROM `goods` [ RunTime:0.0033s ]
SQL: SELECT cart.id AS id,cart.userid AS userid,cart.goodstypeid AS goodstypeid,cart.goodsnum AS goodsnum,goodstype.id AS type_id,goodstype.color AS color,goodstype.size AS size,goods.name AS name,goods.image AS image,goods.price AS price FROM cart cart  JOIN goodstype goodstype ON cart.goodstypeid=goodstype.id  JOIN goods goods ON goodstype.goodsid=goods.id WHERE ( userid=1 )  [ RunTime:0.0033s ]
SQL: SELECT goods.price AS price FROM cart cart  JOIN goodstype goodstype ON cart.goodstypeid=goodstype.id  JOIN goods goods ON goodstype.goodsid=goods.id WHERE ( userid=1 )  [ RunTime:0.0039s ]
INFO: [ view_parse ] --START--
INFO: [ template_filter ] --START--
INFO: Run Behavior\ContentReplaceBehavior [ RunTime:0.000039s ]
INFO: [ template_filter ] --END-- [ RunTime:0.000071s ]
INFO: Run Behavior\ParseTemplateBehavior [ RunTime:0.006103s ]
INFO: [ view_parse ] --END-- [ RunTime:0.006140s ]
INFO: [ view_filter ] --START--
INFO: Run Behavior\WriteHtmlCacheBehavior [ RunTime:0.000450s ]
INFO: [ view_filter ] --END-- [ RunTime:0.000480s ]
INFO: [ app_end ] --START--
INFO: Run Behavior\ShowPageTraceBehavior [ RunTime:0.000668s ]
INFO: [ app_end ] --END-- [ RunTime:0.000705s ]

[ 2016-05-03T10:58:39+08:00 ] ::1 /505/index.php/home/Index/homepage.html
INFO: [ app_init ] --START--
INFO: Run Behavior\BuildLiteBehavior [ RunTime:0.000044s ]
INFO: [ app_init ] --END-- [ RunTime:0.001046s ]
INFO: [ app_begin ] --START--
INFO: Run Behavior\ReadHtmlCacheBehavior [ RunTime:0.000585s ]
INFO: [ app_begin ] --END-- [ RunTime:0.000622s ]
SQL: SHOW COLUMNS FROM `goods` [ RunTime:0.0036s ]
SQL: SELECT * FROM `goods` LIMIT 3   [ RunTime:0.0027s ]
SQL: SELECT * FROM `goods`  [ RunTime:0.0025s ]
INFO: [ view_parse ] --START--
INFO: [ template_filter ] --START--
INFO: Run Behavior\ContentReplaceBehavior [ RunTime:0.000052s ]
INFO: [ template_filter ] --END-- [ RunTime:0.000086s ]
INFO: Run Behavior\ParseTemplateBehavior [ RunTime:0.006471s ]
INFO: [ view_parse ] --END-- [ RunTime:0.006509s ]
INFO: [ view_filter ] --START--
INFO: Run Behavior\WriteHtmlCacheBehavior [ RunTime:0.000459s ]
INFO: [ view_filter ] --END-- [ RunTime:0.000490s ]
INFO: [ app_end ] --START--
INFO: Run Behavior\ShowPageTraceBehavior [ RunTime:0.000630s ]
INFO: [ app_end ] --END-- [ RunTime:0.000663s ]

[ 2016-05-03T10:58:44+08:00 ] ::1 /505/index.php/home/Index/details.html?goodsid=1
INFO: [ app_init ] --START--
INFO: Run Behavior\BuildLiteBehavior [ RunTime:0.000033s ]
INFO: [ app_init ] --END-- [ RunTime:0.001138s ]
INFO: [ app_begin ] --START--
INFO: Run Behavior\ReadHtmlCacheBehavior [ RunTime:0.000536s ]
INFO: [ app_begin ] --END-- [ RunTime:0.000577s ]
SQL: SHOW COLUMNS FROM `goods` [ RunTime:0.0034s ]
SQL: SELECT * FROM `goods` WHERE ( goods.id=1 )  [ RunTime:0.0033s ]
SQL: SHOW COLUMNS FROM `goodstype` [ RunTime:0.0028s ]
SQL: SELECT goodstype.goodsid AS goodsid,goodstype.color AS color FROM goodstype goodstype WHERE ( goodsid=1 ) GROUP BY goodstype.color  [ RunTime:0.0025s ]
SQL: SELECT goodstype.goodsid AS goodsid,goodstype.size AS size FROM goodstype goodstype WHERE ( goodsid=1 ) GROUP BY goodstype.size  [ RunTime:0.0025s ]
INFO: [ view_parse ] --START--
INFO: [ template_filter ] --START--
INFO: Run Behavior\ContentReplaceBehavior [ RunTime:0.000050s ]
INFO: [ template_filter ] --END-- [ RunTime:0.000086s ]
NOTIC: [8] Undefined index: checked F:\php\httpd-2.4.20-win64-VC14\Apache24\htdocs\505\App\Runtime\Cache\Home\5308919e95d525ba3fa66120af3a38da.php 第 42 行.
INFO: Run Behavior\ParseTemplateBehavior [ RunTime:0.006986s ]
INFO: [ view_parse ] --END-- [ RunTime:0.007018s ]
INFO: [ view_filter ] --START--
INFO: Run Behavior\WriteHtmlCacheBehavior [ RunTime:0.000489s ]
INFO: [ view_filter ] --END-- [ RunTime:0.000518s ]
INFO: [ app_end ] --START--
INFO: Run Behavior\ShowPageTraceBehavior [ RunTime:0.000655s ]
INFO: [ app_end ] --END-- [ RunTime:0.000686s ]

[ 2016-05-03T10:58:44+08:00 ] ::1 /505/index.php/home/index/goodsajax.html
INFO: [ app_init ] --START--
INFO: Run Behavior\BuildLiteBehavior [ RunTime:0.000011s ]
INFO: [ app_init ] --END-- [ RunTime:0.000454s ]
INFO: [ app_begin ] --START--
INFO: Run Behavior\ReadHtmlCacheBehavior [ RunTime:0.000579s ]
INFO: [ app_begin ] --END-- [ RunTime:0.000614s ]
SQL: SHOW COLUMNS FROM `goods` [ RunTime:0.0036s ]
SQL: SHOW COLUMNS FROM `goodstype` [ RunTime:0.0037s ]
SQL: SHOW COLUMNS FROM `goodsclassify` [ RunTime:0.0032s ]
SQL: SELECT goods.id AS id,goods.classifyid AS classifyid,goods.name AS name,goods.image AS image,goods.price AS price,goods.addtime AS addtime,goods.detail AS detail,goodstype.id AS type_id,goodstype.color AS color,goodstype.size AS size,goodstype.goodsleft AS goodsleft,goodsclassify.classifyname AS classifyname FROM goods goods  JOIN goodstype goodstype ON goods.id=goodstype.goodsid  JOIN goodsclassify goodsclassify ON goods.classifyid=goodsclassify.id WHERE ( name="卫衣" and color="红" and size="12" ) LIMIT 1   [ RunTime:0.0071s ]

[ 2016-05-03T10:58:47+08:00 ] ::1 /505/index.php/home/index/goodsajax.html
INFO: [ app_init ] --START--
INFO: Run Behavior\BuildLiteBehavior [ RunTime:0.000012s ]
INFO: [ app_init ] --END-- [ RunTime:0.000431s ]
INFO: [ app_begin ] --START--
INFO: Run Behavior\ReadHtmlCacheBehavior [ RunTime:0.000547s ]
INFO: [ app_begin ] --END-- [ RunTime:0.000597s ]
SQL: SHOW COLUMNS FROM `goods` [ RunTime:0.0035s ]
SQL: SHOW COLUMNS FROM `goodstype` [ RunTime:0.0032s ]
SQL: SHOW COLUMNS FROM `goodsclassify` [ RunTime:0.0035s ]
SQL: SELECT goods.id AS id,goods.classifyid AS classifyid,goods.name AS name,goods.image AS image,goods.price AS price,goods.addtime AS addtime,goods.detail AS detail,goodstype.id AS type_id,goodstype.color AS color,goodstype.size AS size,goodstype.goodsleft AS goodsleft,goodsclassify.classifyname AS classifyname FROM goods goods  JOIN goodstype goodstype ON goods.id=goodstype.goodsid  JOIN goodsclassify goodsclassify ON goods.classifyid=goodsclassify.id WHERE ( name="卫衣" and color="绿" and size="12" ) LIMIT 1   [ RunTime:0.0029s ]

[ 2016-05-03T10:58:49+08:00 ] ::1 /505/index.php/home/index/goodsajax2.html
INFO: [ app_init ] --START--
INFO: Run Behavior\BuildLiteBehavior [ RunTime:0.000027s ]
INFO: [ app_init ] --END-- [ RunTime:0.000601s ]
INFO: [ app_begin ] --START--
INFO: Run Behavior\ReadHtmlCacheBehavior [ RunTime:0.000770s ]
INFO: [ app_begin ] --END-- [ RunTime:0.000940s ]
SQL: SHOW COLUMNS FROM `goods` [ RunTime:0.0053s ]
SQL: SHOW COLUMNS FROM `goodstype` [ RunTime:0.0031s ]
SQL: SHOW COLUMNS FROM `goodsclassify` [ RunTime:0.0040s ]
SQL: SELECT goods.id AS id,goods.classifyid AS classifyid,goods.name AS name,goods.image AS image,goods.price AS price,goods.addtime AS addtime,goods.detail AS detail,goodstype.id AS type_id,goodstype.color AS color,goodstype.size AS size,goodstype.goodsleft AS goodsleft,goodsclassify.classifyname AS classifyname FROM goods goods  JOIN goodstype goodstype ON goods.id=goodstype.goodsid  JOIN goodsclassify goodsclassify ON goods.classifyid=goodsclassify.id WHERE ( name="卫衣" and color="绿" and size="12" ) LIMIT 1   [ RunTime:0.0057s ]
SQL: SHOW COLUMNS FROM `users` [ RunTime:0.0059s ]
SQL: SELECT `id` FROM `users` WHERE ( account=1111 ) LIMIT 1   [ RunTime:0.0029s ]
SQL: SHOW COLUMNS FROM `cart` [ RunTime:0.0044s ]
SQL: INSERT INTO `cart` (`userid`,`goodstypeid`,`goodsnum`) VALUES ('1','30','1') [ RunTime:0.0127s ]

[ 2016-05-03T10:58:49+08:00 ] ::1 /505/index.php/home/Index/details.html?goodsid=1
INFO: [ app_init ] --START--
INFO: Run Behavior\BuildLiteBehavior [ RunTime:0.000012s ]
INFO: [ app_init ] --END-- [ RunTime:0.000482s ]
INFO: [ app_begin ] --START--
INFO: Run Behavior\ReadHtmlCacheBehavior [ RunTime:0.000583s ]
INFO: [ app_begin ] --END-- [ RunTime:0.000622s ]
SQL: SHOW COLUMNS FROM `goods` [ RunTime:0.0033s ]
SQL: SELECT * FROM `goods` WHERE ( goods.id=1 )  [ RunTime:0.0231s ]
SQL: SHOW COLUMNS FROM `goodstype` [ RunTime:0.0035s ]
SQL: SELECT goodstype.goodsid AS goodsid,goodstype.color AS color FROM goodstype goodstype WHERE ( goodsid=1 ) GROUP BY goodstype.color  [ RunTime:0.0029s ]
SQL: SELECT goodstype.goodsid AS goodsid,goodstype.size AS size FROM goodstype goodstype WHERE ( goodsid=1 ) GROUP BY goodstype.size  [ RunTime:0.0025s ]
INFO: [ view_parse ] --START--
INFO: [ template_filter ] --START--
INFO: Run Behavior\ContentReplaceBehavior [ RunTime:0.000041s ]
INFO: [ template_filter ] --END-- [ RunTime:0.000070s ]
NOTIC: [8] Undefined index: checked F:\php\httpd-2.4.20-win64-VC14\Apache24\htdocs\505\App\Runtime\Cache\Home\5308919e95d525ba3fa66120af3a38da.php 第 42 行.
INFO: Run Behavior\ParseTemplateBehavior [ RunTime:0.004869s ]
INFO: [ view_parse ] --END-- [ RunTime:0.004897s ]
INFO: [ view_filter ] --START--
INFO: Run Behavior\WriteHtmlCacheBehavior [ RunTime:0.000331s ]
INFO: [ view_filter ] --END-- [ RunTime:0.000354s ]
INFO: [ app_end ] --START--
INFO: Run Behavior\ShowPageTraceBehavior [ RunTime:0.000481s ]
INFO: [ app_end ] --END-- [ RunTime:0.000504s ]

[ 2016-05-03T10:58:50+08:00 ] ::1 /505/index.php/home/index/goodsajax.html
INFO: [ app_init ] --START--
INFO: Run Behavior\BuildLiteBehavior [ RunTime:0.000011s ]
INFO: [ app_init ] --END-- [ RunTime:0.000456s ]
INFO: [ app_begin ] --START--
INFO: Run Behavior\ReadHtmlCacheBehavior [ RunTime:0.000366s ]
INFO: [ app_begin ] --END-- [ RunTime:0.000394s ]
SQL: SHOW COLUMNS FROM `goods` [ RunTime:0.0031s ]
SQL: SHOW COLUMNS FROM `goodstype` [ RunTime:0.0298s ]
SQL: SHOW COLUMNS FROM `goodsclassify` [ RunTime:0.0028s ]
SQL: SELECT goods.id AS id,goods.classifyid AS classifyid,goods.name AS name,goods.image AS image,goods.price AS price,goods.addtime AS addtime,goods.detail AS detail,goodstype.id AS type_id,goodstype.color AS color,goodstype.size AS size,goodstype.goodsleft AS goodsleft,goodsclassify.classifyname AS classifyname FROM goods goods  JOIN goodstype goodstype ON goods.id=goodstype.goodsid  JOIN goodsclassify goodsclassify ON goods.classifyid=goodsclassify.id WHERE ( name="卫衣" and color="红" and size="12" ) LIMIT 1   [ RunTime:0.0142s ]

[ 2016-05-03T10:58:51+08:00 ] ::1 /505/index.php/home/Index/people.html
INFO: [ app_init ] --START--
INFO: Run Behavior\BuildLiteBehavior [ RunTime:0.000012s ]
INFO: [ app_init ] --END-- [ RunTime:0.000404s ]
INFO: [ app_begin ] --START--
INFO: Run Behavior\ReadHtmlCacheBehavior [ RunTime:0.000454s ]
INFO: [ app_begin ] --END-- [ RunTime:0.000488s ]
SQL: SHOW COLUMNS FROM `users` [ RunTime:0.0054s ]
SQL: SELECT `id` FROM `users` WHERE ( account=1111 ) LIMIT 1   [ RunTime:0.0034s ]
SQL: SHOW COLUMNS FROM `orders` [ RunTime:0.0113s ]
SQL: SHOW COLUMNS FROM `goodstype` [ RunTime:0.0252s ]
SQL: SHOW COLUMNS FROM `goods` [ RunTime:0.0079s ]
SQL: SELECT orders.userid AS userid,orders.goodsnum AS goodsnum,orders.totalprice AS totalprice,orders.state AS state,goodstype.color AS color,goodstype.size AS size,goods.name AS name,goods.image AS image FROM orders orders  JOIN goodstype goodstype ON orders.goodstypeid=goodstype.id  JOIN goods goods ON goodstype.goodsid=goods.id WHERE ( userid=1 )  [ RunTime:0.0040s ]
INFO: [ view_parse ] --START--
INFO: [ template_filter ] --START--
INFO: Run Behavior\ContentReplaceBehavior [ RunTime:0.000043s ]
INFO: [ template_filter ] --END-- [ RunTime:0.000077s ]
NOTIC: [8] Undefined variable: state F:\php\httpd-2.4.20-win64-VC14\Apache24\htdocs\505\App\Runtime\Cache\Home\e626457c1a2104abca8a821919101aa8.php 第 25 行.
INFO: Run Behavior\ParseTemplateBehavior [ RunTime:0.005172s ]
INFO: [ view_parse ] --END-- [ RunTime:0.005205s ]
INFO: [ view_filter ] --START--
INFO: Run Behavior\WriteHtmlCacheBehavior [ RunTime:0.000424s ]
INFO: [ view_filter ] --END-- [ RunTime:0.000454s ]
INFO: [ app_end ] --START--
INFO: Run Behavior\ShowPageTraceBehavior [ RunTime:0.000668s ]
INFO: [ app_end ] --END-- [ RunTime:0.000701s ]

[ 2016-05-03T10:58:52+08:00 ] ::1 /505/index.php/home/Index/chart.html
INFO: [ app_init ] --START--
INFO: Run Behavior\BuildLiteBehavior [ RunTime:0.000011s ]
INFO: [ app_init ] --END-- [ RunTime:0.000458s ]
INFO: [ app_begin ] --START--
INFO: Run Behavior\ReadHtmlCacheBehavior [ RunTime:0.000460s ]
INFO: [ app_begin ] --END-- [ RunTime:0.000496s ]
SQL: SHOW COLUMNS FROM `users` [ RunTime:0.0033s ]
SQL: SELECT `id` FROM `users` WHERE ( account=1111 ) LIMIT 1   [ RunTime:0.0029s ]
SQL: SHOW COLUMNS FROM `cart` [ RunTime:0.0043s ]
SQL: SHOW COLUMNS FROM `goodstype` [ RunTime:0.0058s ]
SQL: SHOW COLUMNS FROM `goods` [ RunTime:0.0033s ]
SQL: SELECT cart.id AS id,cart.userid AS userid,cart.goodstypeid AS goodstypeid,cart.goodsnum AS goodsnum,goodstype.id AS type_id,goodstype.color AS color,goodstype.size AS size,goods.name AS name,goods.image AS image,goods.price AS price FROM cart cart  JOIN goodstype goodstype ON cart.goodstypeid=goodstype.id  JOIN goods goods ON goodstype.goodsid=goods.id WHERE ( userid=1 )  [ RunTime:0.0030s ]
SQL: SELECT goods.price AS price FROM cart cart  JOIN goodstype goodstype ON cart.goodstypeid=goodstype.id  JOIN goods goods ON goodstype.goodsid=goods.id WHERE ( userid=1 )  [ RunTime:0.0026s ]
INFO: [ view_parse ] --START--
INFO: [ template_filter ] --START--
INFO: Run Behavior\ContentReplaceBehavior [ RunTime:0.000039s ]
INFO: [ template_filter ] --END-- [ RunTime:0.000075s ]
INFO: Run Behavior\ParseTemplateBehavior [ RunTime:0.005504s ]
INFO: [ view_parse ] --END-- [ RunTime:0.005549s ]
INFO: [ view_filter ] --START--
INFO: Run Behavior\WriteHtmlCacheBehavior [ RunTime:0.000428s ]
INFO: [ view_filter ] --END-- [ RunTime:0.000459s ]
INFO: [ app_end ] --START--
INFO: Run Behavior\ShowPageTraceBehavior [ RunTime:0.000637s ]
INFO: [ app_end ] --END-- [ RunTime:0.000667s ]

[ 2016-05-03T10:58:55+08:00 ] ::1 /505/index.php/home/Index/chart.html?delete=15
INFO: [ app_init ] --START--
INFO: Run Behavior\BuildLiteBehavior [ RunTime:0.000011s ]
INFO: [ app_init ] --END-- [ RunTime:0.000501s ]
INFO: [ app_begin ] --START--
INFO: Run Behavior\ReadHtmlCacheBehavior [ RunTime:0.000534s ]
INFO: [ app_begin ] --END-- [ RunTime:0.000576s ]
SQL: SHOW COLUMNS FROM `cart` [ RunTime:0.0033s ]
SQL: DELETE FROM `cart` WHERE ( id=15 ) [ RunTime:0.0160s ]
SQL: SHOW COLUMNS FROM `users` [ RunTime:0.0052s ]
SQL: SELECT `id` FROM `users` WHERE ( account=1111 ) LIMIT 1   [ RunTime:0.0026s ]
SQL: SHOW COLUMNS FROM `goodstype` [ RunTime:0.0059s ]
SQL: SHOW COLUMNS FROM `goods` [ RunTime:0.0030s ]
SQL: SELECT cart.id AS id,cart.userid AS userid,cart.goodstypeid AS goodstypeid,cart.goodsnum AS goodsnum,goodstype.id AS type_id,goodstype.color AS color,goodstype.size AS size,goods.name AS name,goods.image AS image,goods.price AS price FROM cart cart  JOIN goodstype goodstype ON cart.goodstypeid=goodstype.id  JOIN goods goods ON goodstype.goodsid=goods.id WHERE ( userid=1 )  [ RunTime:0.0032s ]
SQL: SELECT goods.price AS price FROM cart cart  JOIN goodstype goodstype ON cart.goodstypeid=goodstype.id  JOIN goods goods ON goodstype.goodsid=goods.id WHERE ( userid=1 )  [ RunTime:0.0024s ]
INFO: [ view_parse ] --START--
INFO: [ template_filter ] --START--
INFO: Run Behavior\ContentReplaceBehavior [ RunTime:0.000038s ]
INFO: [ template_filter ] --END-- [ RunTime:0.000072s ]
INFO: Run Behavior\ParseTemplateBehavior [ RunTime:0.005351s ]
INFO: [ view_parse ] --END-- [ RunTime:0.005392s ]
INFO: [ view_filter ] --START--
INFO: Run Behavior\WriteHtmlCacheBehavior [ RunTime:0.000398s ]
INFO: [ view_filter ] --END-- [ RunTime:0.000427s ]
INFO: [ app_end ] --START--
INFO: Run Behavior\ShowPageTraceBehavior [ RunTime:0.000568s ]
INFO: [ app_end ] --END-- [ RunTime:0.000597s ]

[ 2016-05-03T10:58:57+08:00 ] ::1 /505/index.php/home/Index/homepage.html
INFO: [ app_init ] --START--
INFO: Run Behavior\BuildLiteBehavior [ RunTime:0.000049s ]
INFO: [ app_init ] --END-- [ RunTime:0.000971s ]
INFO: [ app_begin ] --START--
INFO: Run Behavior\ReadHtmlCacheBehavior [ RunTime:0.000494s ]
INFO: [ app_begin ] --END-- [ RunTime:0.000532s ]
SQL: SHOW COLUMNS FROM `goods` [ RunTime:0.0051s ]
SQL: SELECT * FROM `goods` LIMIT 3   [ RunTime:0.0026s ]
SQL: SELECT * FROM `goods`  [ RunTime:0.0032s ]
INFO: [ view_parse ] --START--
INFO: [ template_filter ] --START--
INFO: Run Behavior\ContentReplaceBehavior [ RunTime:0.000060s ]
INFO: [ template_filter ] --END-- [ RunTime:0.000091s ]
INFO: Run Behavior\ParseTemplateBehavior [ RunTime:0.005586s ]
INFO: [ view_parse ] --END-- [ RunTime:0.005623s ]
INFO: [ view_filter ] --START--
INFO: Run Behavior\WriteHtmlCacheBehavior [ RunTime:0.000467s ]
INFO: [ view_filter ] --END-- [ RunTime:0.000498s ]
INFO: [ app_end ] --START--
INFO: Run Behavior\ShowPageTraceBehavior [ RunTime:0.000655s ]
INFO: [ app_end ] --END-- [ RunTime:0.000686s ]

[ 2016-05-03T10:58:57+08:00 ] ::1 /505/index.php/home/Index/chart.html
INFO: [ app_init ] --START--
INFO: Run Behavior\BuildLiteBehavior [ RunTime:0.000010s ]
INFO: [ app_init ] --END-- [ RunTime:0.000409s ]
INFO: [ app_begin ] --START--
INFO: Run Behavior\ReadHtmlCacheBehavior [ RunTime:0.000456s ]
INFO: [ app_begin ] --END-- [ RunTime:0.000490s ]
SQL: SHOW COLUMNS FROM `users` [ RunTime:0.0033s ]
SQL: SELECT `id` FROM `users` WHERE ( account=1111 ) LIMIT 1   [ RunTime:0.0030s ]
SQL: SHOW COLUMNS FROM `cart` [ RunTime:0.0031s ]
SQL: SHOW COLUMNS FROM `goodstype` [ RunTime:0.0036s ]
SQL: SHOW COLUMNS FROM `goods` [ RunTime:0.0029s ]
SQL: SELECT cart.id AS id,cart.userid AS userid,cart.goodstypeid AS goodstypeid,cart.goodsnum AS goodsnum,goodstype.id AS type_id,goodstype.color AS color,goodstype.size AS size,goods.name AS name,goods.image AS image,goods.price AS price FROM cart cart  JOIN goodstype goodstype ON cart.goodstypeid=goodstype.id  JOIN goods goods ON goodstype.goodsid=goods.id WHERE ( userid=1 )  [ RunTime:0.0035s ]
SQL: SELECT goods.price AS price FROM cart cart  JOIN goodstype goodstype ON cart.goodstypeid=goodstype.id  JOIN goods goods ON goodstype.goodsid=goods.id WHERE ( userid=1 )  [ RunTime:0.0053s ]
INFO: [ view_parse ] --START--
INFO: [ template_filter ] --START--
INFO: Run Behavior\ContentReplaceBehavior [ RunTime:0.000039s ]
INFO: [ template_filter ] --END-- [ RunTime:0.000071s ]
INFO: Run Behavior\ParseTemplateBehavior [ RunTime:0.005379s ]
INFO: [ view_parse ] --END-- [ RunTime:0.005417s ]
INFO: [ view_filter ] --START--
INFO: Run Behavior\WriteHtmlCacheBehavior [ RunTime:0.000384s ]
INFO: [ view_filter ] --END-- [ RunTime:0.000414s ]
INFO: [ app_end ] --START--
INFO: Run Behavior\ShowPageTraceBehavior [ RunTime:0.000545s ]
INFO: [ app_end ] --END-- [ RunTime:0.000573s ]

[ 2016-05-03T10:59:00+08:00 ] ::1 /505/index.php/home/Index/people.html
INFO: [ app_init ] --START--
INFO: Run Behavior\BuildLiteBehavior [ RunTime:0.000022s ]
INFO: [ app_init ] --END-- [ RunTime:0.000544s ]
INFO: [ app_begin ] --START--
INFO: Run Behavior\ReadHtmlCacheBehavior [ RunTime:0.000675s ]
INFO: [ app_begin ] --END-- [ RunTime:0.000740s ]
SQL: SHOW COLUMNS FROM `users` [ RunTime:0.0036s ]
SQL: SELECT `id` FROM `users` WHERE ( account=1111 ) LIMIT 1   [ RunTime:0.0029s ]
SQL: SHOW COLUMNS FROM `orders` [ RunTime:0.0030s ]
SQL: SHOW COLUMNS FROM `goodstype` [ RunTime:0.0043s ]
SQL: SHOW COLUMNS FROM `goods` [ RunTime:0.0069s ]
SQL: SELECT orders.userid AS userid,orders.goodsnum AS goodsnum,orders.totalprice AS totalprice,orders.state AS state,goodstype.color AS color,goodstype.size AS size,goods.name AS name,goods.image AS image FROM orders orders  JOIN goodstype goodstype ON orders.goodstypeid=goodstype.id  JOIN goods goods ON goodstype.goodsid=goods.id WHERE ( userid=1 )  [ RunTime:0.0038s ]
INFO: [ view_parse ] --START--
INFO: [ template_filter ] --START--
INFO: Run Behavior\ContentReplaceBehavior [ RunTime:0.000038s ]
INFO: [ template_filter ] --END-- [ RunTime:0.000066s ]
NOTIC: [8] Undefined variable: state F:\php\httpd-2.4.20-win64-VC14\Apache24\htdocs\505\App\Runtime\Cache\Home\e626457c1a2104abca8a821919101aa8.php 第 25 行.
INFO: Run Behavior\ParseTemplateBehavior [ RunTime:0.004394s ]
INFO: [ view_parse ] --END-- [ RunTime:0.004437s ]
INFO: [ view_filter ] --START--
INFO: Run Behavior\WriteHtmlCacheBehavior [ RunTime:0.000371s ]
INFO: [ view_filter ] --END-- [ RunTime:0.000396s ]
INFO: [ app_end ] --START--
INFO: Run Behavior\ShowPageTraceBehavior [ RunTime:0.000482s ]
INFO: [ app_end ] --END-- [ RunTime:0.000508s ]

[ 2016-05-03T10:59:02+08:00 ] ::1 /505/index.php/home/Index/homepage.html
INFO: [ app_init ] --START--
INFO: Run Behavior\BuildLiteBehavior [ RunTime:0.000028s ]
INFO: [ app_init ] --END-- [ RunTime:0.000769s ]
INFO: [ app_begin ] --START--
INFO: Run Behavior\ReadHtmlCacheBehavior [ RunTime:0.000960s ]
INFO: [ app_begin ] --END-- [ RunTime:0.001037s ]
SQL: SHOW COLUMNS FROM `goods` [ RunTime:0.0037s ]
SQL: SELECT * FROM `goods` LIMIT 3   [ RunTime:0.0032s ]
SQL: SELECT * FROM `goods`  [ RunTime:0.0062s ]
INFO: [ view_parse ] --START--
INFO: [ template_filter ] --START--
INFO: Run Behavior\ContentReplaceBehavior [ RunTime:0.000055s ]
INFO: [ template_filter ] --END-- [ RunTime:0.000089s ]
INFO: Run Behavior\ParseTemplateBehavior [ RunTime:0.005876s ]
INFO: [ view_parse ] --END-- [ RunTime:0.005914s ]
INFO: [ view_filter ] --START--
INFO: Run Behavior\WriteHtmlCacheBehavior [ RunTime:0.000476s ]
INFO: [ view_filter ] --END-- [ RunTime:0.000509s ]
INFO: [ app_end ] --START--
INFO: Run Behavior\ShowPageTraceBehavior [ RunTime:0.000653s ]
INFO: [ app_end ] --END-- [ RunTime:0.000684s ]

